#
# There is insufficient memory for the Java Runtime Environment to continue.
# Native memory allocation (malloc) failed to allocate 2275168 bytes for Chunk::new
# Possible reasons:
#   The system is out of physical RAM or swap space
#   The process is running with CompressedOops enabled, and the Java Heap may be blocking the growth of the native heap
# Possible solutions:
#   Reduce memory load on the system
#   Increase physical memory or swap space
#   Check if swap backing store is full
#   Decrease Java heap size (-Xmx/-Xms)
#   Decrease number of Java threads
#   Decrease Java thread stack sizes (-Xss)
#   Set larger code cache with -XX:ReservedCodeCacheSize=
#   JVM is running with Unscaled Compressed Oops mode in which the Java heap is
#     placed in the first 4GB address space. The Java Heap base address is the
#     maximum limit for the native heap growth. Please use -XX:HeapBaseMinAddress
#     to set the Java Heap base and to place the Java Heap above 4GB virtual address.
# This output file may be truncated or incomplete.
#
#  Out of Memory Error (arena.cpp:189), pid=7468, tid=7868
#
# JRE version: Java(TM) SE Runtime Environment (17.0.12+8) (build 17.0.12+8-LTS-286)
# Java VM: Java HotSpot(TM) 64-Bit Server VM (17.0.12+8-LTS-286, mixed mode, sharing, tiered, compressed oops, compressed class ptrs, g1 gc, windows-amd64)
# No core dump will be written. Minidumps are not enabled by default on client versions of Windows
#

---------------  S U M M A R Y ------------

Command Line: --add-opens=java.base/java.lang=ALL-UNNAMED --add-opens=java.base/java.lang.invoke=ALL-UNNAMED --add-opens=java.base/java.util=ALL-UNNAMED --add-opens=java.prefs/java.util.prefs=ALL-UNNAMED --add-exports=jdk.compiler/com.sun.tools.javac.api=ALL-UNNAMED --add-exports=jdk.compiler/com.sun.tools.javac.util=ALL-UNNAMED --add-opens=java.base/java.util=ALL-UNNAMED --add-opens=java.prefs/java.util.prefs=ALL-UNNAMED --add-opens=java.base/java.nio.charset=ALL-UNNAMED --add-opens=java.base/java.net=ALL-UNNAMED --add-opens=java.base/java.util.concurrent.atomic=ALL-UNNAMED --add-opens=java.xml/javax.xml.namespace=ALL-UNNAMED -XX:MaxMetaspaceSize=384m -XX:+HeapDumpOnOutOfMemoryError -Xms256m -Xmx512m -Dfile.encoding=windows-31j -Duser.country=VN -Duser.language=vi -Duser.variant -javaagent:C:\Users\nguye\.gradle\wrapper\dists\gradle-8.14.4-bin\92wwslzcyst3phie3o264zltu\gradle-8.14.4\lib\agents\gradle-instrumentation-agent-8.14.4.jar org.gradle.launcher.daemon.bootstrap.GradleDaemon 8.14.4

Host: Intel(R) Core(TM) i7-1065G7 CPU @ 1.30GHz, 8 cores, 7G,  Windows 11 , 64 bit Build 26100 (10.0.26100.7920)
Time: Fri Apr 10 17:20:49 2026 SE Asia Standard Time elapsed time: 20.500020 seconds (0d 0h 0m 20s)

---------------  T H R E A D  ---------------

Current thread (0x000001bbdcb45930):  JavaThread "C2 CompilerThread1" daemon [_thread_in_native, id=7868, stack(0x00000067b2200000,0x00000067b2300000)]


Current CompileTask:
C2:  20500 9862   !   4       com.sun.tools.javac.file.JavacFileManager$ArchiveContainer::walkDirectories (134 bytes)

Stack: [0x00000067b2200000,0x00000067b2300000]
Native frames: (J=compiled Java code, j=interpreted, Vv=VM code, C=native code)
V  [jvm.dll+0x67a04a]
V  [jvm.dll+0x7da4ed]
V  [jvm.dll+0x7dbe33]
V  [jvm.dll+0x7dc4a3]
V  [jvm.dll+0x24508f]
V  [jvm.dll+0xab773]
V  [jvm.dll+0xabd3c]
V  [jvm.dll+0x361bee]
V  [jvm.dll+0x32c431]
V  [jvm.dll+0x32b8ca]
V  [jvm.dll+0x21683f]
V  [jvm.dll+0x215c6f]
V  [jvm.dll+0x1a2960]
V  [jvm.dll+0x22610b]
V  [jvm.dll+0x2242ab]
V  [jvm.dll+0x79075c]
V  [jvm.dll+0x78abea]
V  [jvm.dll+0x678f35]
C  [ucrtbase.dll+0x37b0]
C  [KERNEL32.DLL+0x2e8d7]
C  [ntdll.dll+0x8c48c]


---------------  P R O C E S S  ---------------

Threads class SMR info:
_java_thread_list=0x000001bbdd803140, length=146, elements={
0x000001bba55621b0, 0x000001bbbfea05f0, 0x000001bbbfea10c0, 0x000001bbbfebaa40,
0x000001bbbfebd320, 0x000001bbbfebdbf0, 0x000001bbbfebe4c0, 0x000001bbbfec70d0,
0x000001bbd900cde0, 0x000001bbd902eb10, 0x000001bbbfece9a0, 0x000001bbd91d3f90,
0x000001bbdaeef010, 0x000001bbdad8ab90, 0x000001bbda53b870, 0x000001bbdae60e30,
0x000001bbdadf65f0, 0x000001bbdadbde60, 0x000001bbdadbf2a0, 0x000001bbdadbe370,
0x000001bbdadc1610, 0x000001bbdadbed90, 0x000001bbdadbe880, 0x000001bbdadbf7b0,
0x000001bbdadc06e0, 0x000001bbdadbfcc0, 0x000001bbdadc01d0, 0x000001bbdadc1100,
0x000001bbdb5eb6d0, 0x000001bbdb5ebbe0, 0x000001bbdb5eda40, 0x000001bbdb5eacb0,
0x000001bbdb5ecb10, 0x000001bbdb5ec0f0, 0x000001bbdb5ed020, 0x000001bbdb5ed530,
0x000001bbdb5ec600, 0x000001bbdb5ee460, 0x000001bbdb5ee970, 0x000001bbdb5eb1c0,
0x000001bbdb5f1c10, 0x000001bbdb5f07d0, 0x000001bbdb5f2120, 0x000001bbdb5f0ce0,
0x000001bbdb5efdb0, 0x000001bbdb5f2630, 0x000001bbdb5f11f0, 0x000001bbdb5eee80,
0x000001bbdb5ef8a0, 0x000001bbdb5f02c0, 0x000001bbdb5f1700, 0x000001bbdb5ef390,
0x000001bbdb8efc40, 0x000001bbdb8f1aa0, 0x000001bbdb8eed10, 0x000001bbdb8ef730,
0x000001bbdb8f29d0, 0x000001bbdb8f1080, 0x000001bbdb8f1590, 0x000001bbdb8f1fb0,
0x000001bbdb8f0b70, 0x000001bbdb8f24c0, 0x000001bbdb8ef220, 0x000001bbdb8f2ee0,
0x000001bbdb8f33f0, 0x000001bbdb8f0660, 0x000001bbdb8f0150, 0x000001bbdb8f3900,
0x000001bbdb8f6690, 0x000001bbdb8f3e10, 0x000001bbdb8f4d40, 0x000001bbdb8f4320,
0x000001bbdb8f4830, 0x000001bbdb8f5250, 0x000001bbdb8f5760, 0x000001bbdb8f5c70,
0x000001bbdb8f6180, 0x000001bbdd8b0c50, 0x000001bbdd8b0740, 0x000001bbdd8af810,
0x000001bbdd8ae8e0, 0x000001bbdd8aedf0, 0x000001bbdd8afd20, 0x000001bbdd8b0230,
0x000001bbdd8b1160, 0x000001bbdd8b1670, 0x000001bbdd8adec0, 0x000001bbdd8b1b80,
0x000001bbdd8ae3d0, 0x000001bbdd8b2090, 0x000001bbdd8b25a0, 0x000001bbdd8b2ab0,
0x000001bbdd8af300, 0x000001bbdd8b2fc0, 0x000001bbdd8b34d0, 0x000001bbdd8b39e0,
0x000001bbdd8b3ef0, 0x000001bbdd8b4400, 0x000001bbdd8b4910, 0x000001bbdd8b5330,
0x000001bbdd8b5840, 0x000001bbdd8b4e20, 0x000001bbdfa79d50, 0x000001bbdfa7d500,
0x000001bbdfa7b190, 0x000001bbdfa7a260, 0x000001bbdfa7a770, 0x000001bbdfa7ac80,
0x000001bbdfa7c0c0, 0x000001bbdfa7b6a0, 0x000001bbdfa7cae0, 0x000001bbdfa7cff0,
0x000001bbdfa7bbb0, 0x000001bbdfa7c5d0, 0x000001bbde836940, 0x000001bbde8391c0,
0x000001bbde8387a0, 0x000001bbde837d80, 0x000001bbde836e50, 0x000001bbde835a10,
0x000001bbde838cb0, 0x000001bbde835f20, 0x000001bbde836430, 0x000001bbde837360,
0x000001bbde838290, 0x000001bbde448030, 0x000001bbde449980, 0x000001bbde44bcf0,
0x000001bbde44a3a0, 0x000001bbde448f60, 0x000001bbde44b7e0, 0x000001bbde448540,
0x000001bbde44c200, 0x000001bbde449e90, 0x000001bbde44a8b0, 0x000001bbde449470,
0x000001bbde44adc0, 0x000001bbde44b2d0, 0x000001bbde448a50, 0x000001bbde44ea80,
0x000001bbde44e060, 0x000001bbde44ef90, 0x000001bbde44e570, 0x000001bbde44f4a0,
0x000001bbde44f9b0, 0x000001bbdcb45930
}

Java Threads: ( => current thread )
  0x000001bba55621b0 JavaThread "main" [_thread_blocked, id=31480, stack(0x00000067a7f00000,0x00000067a8000000)]
  0x000001bbbfea05f0 JavaThread "Reference Handler" daemon [_thread_blocked, id=19648, stack(0x00000067a8600000,0x00000067a8700000)]
  0x000001bbbfea10c0 JavaThread "Finalizer" daemon [_thread_blocked, id=16908, stack(0x00000067a8700000,0x00000067a8800000)]
  0x000001bbbfebaa40 JavaThread "Signal Dispatcher" daemon [_thread_blocked, id=4352, stack(0x00000067a8800000,0x00000067a8900000)]
  0x000001bbbfebd320 JavaThread "Attach Listener" daemon [_thread_blocked, id=6848, stack(0x00000067a8900000,0x00000067a8a00000)]
  0x000001bbbfebdbf0 JavaThread "Service Thread" daemon [_thread_blocked, id=29020, stack(0x00000067a8a00000,0x00000067a8b00000)]
  0x000001bbbfebe4c0 JavaThread "Monitor Deflation Thread" daemon [_thread_blocked, id=25748, stack(0x00000067a8b00000,0x00000067a8c00000)]
  0x000001bbbfec70d0 JavaThread "C2 CompilerThread0" daemon [_thread_in_native, id=28092, stack(0x00000067a8c00000,0x00000067a8d00000)]
  0x000001bbd900cde0 JavaThread "C1 CompilerThread0" daemon [_thread_blocked, id=5640, stack(0x00000067a8d00000,0x00000067a8e00000)]
  0x000001bbd902eb10 JavaThread "Sweeper thread" daemon [_thread_blocked, id=29412, stack(0x00000067a8e00000,0x00000067a8f00000)]
  0x000001bbbfece9a0 JavaThread "Common-Cleaner" daemon [_thread_blocked, id=9560, stack(0x00000067a8f00000,0x00000067a9000000)]
  0x000001bbd91d3f90 JavaThread "Notification Thread" daemon [_thread_blocked, id=29348, stack(0x00000067a9000000,0x00000067a9100000)]
  0x000001bbdaeef010 JavaThread "Daemon health stats" [_thread_blocked, id=5308, stack(0x00000067a9a00000,0x00000067a9b00000)]
  0x000001bbdad8ab90 JavaThread "Incoming local TCP Connector on port 59062" [_thread_in_native, id=24000, stack(0x00000067a9b00000,0x00000067a9c00000)]
  0x000001bbda53b870 JavaThread "Daemon periodic checks" [_thread_blocked, id=26772, stack(0x00000067a9c00000,0x00000067a9d00000)]
  0x000001bbdae60e30 JavaThread "Daemon" [_thread_blocked, id=8288, stack(0x00000067a9d00000,0x00000067a9e00000)]
  0x000001bbdadf65f0 JavaThread "Handler for socket connection from /127.0.0.1:59062 to /127.0.0.1:59063" [_thread_in_native, id=29948, stack(0x00000067a9e00000,0x00000067a9f00000)]
  0x000001bbdadbde60 JavaThread "Cancel handler" [_thread_blocked, id=28220, stack(0x00000067a9f00000,0x00000067aa000000)]
  0x000001bbdadbf2a0 JavaThread "Daemon worker" [_thread_blocked, id=26132, stack(0x00000067aa000000,0x00000067aa100000)]
  0x000001bbdadbe370 JavaThread "Asynchronous log dispatcher for DefaultDaemonConnection: socket connection from /127.0.0.1:59062 to /127.0.0.1:59063" [_thread_blocked, id=23392, stack(0x00000067aa100000,0x00000067aa200000)]
  0x000001bbdadc1610 JavaThread "Stdin handler" [_thread_blocked, id=22952, stack(0x00000067aa200000,0x00000067aa300000)]
  0x000001bbdadbed90 JavaThread "Daemon client event forwarder" [_thread_blocked, id=7012, stack(0x00000067aa300000,0x00000067aa400000)]
  0x000001bbdadbe880 JavaThread "Cache worker for journal cache (C:\Users\nguye\.gradle\caches\journal-1)" [_thread_blocked, id=12640, stack(0x00000067aa400000,0x00000067aa500000)]
  0x000001bbdadbf7b0 JavaThread "File lock request listener" [_thread_in_native, id=13600, stack(0x00000067aa500000,0x00000067aa600000)]
  0x000001bbdadc06e0 JavaThread "Cache worker for file hash cache (C:\Users\nguye\.gradle\caches\8.14.4\fileHashes)" [_thread_blocked, id=3096, stack(0x00000067a9200000,0x00000067a9300000)]
  0x000001bbdadbfcc0 JavaThread "Cache worker for file hash cache (C:\codegym\model4-lam-lai\case-module4\course-management-system\.gradle\8.14.4\fileHashes)" [_thread_blocked, id=17176, stack(0x00000067aa700000,0x00000067aa800000)]
  0x000001bbdadc01d0 JavaThread "Cache worker for Build Output Cleanup Cache (C:\codegym\model4-lam-lai\case-module4\course-management-system\.gradle\buildOutputCleanup)" [_thread_blocked, id=30416, stack(0x00000067aa800000,0x00000067aa900000)]
  0x000001bbdadc1100 JavaThread "File watcher server" daemon [_thread_in_native, id=28028, stack(0x00000067aaa00000,0x00000067aab00000)]
  0x000001bbdb5eb6d0 JavaThread "File watcher consumer" daemon [_thread_blocked, id=26688, stack(0x00000067aab00000,0x00000067aac00000)]
  0x000001bbdb5ebbe0 JavaThread "jar transforms" [_thread_blocked, id=3260, stack(0x00000067aac00000,0x00000067aad00000)]
  0x000001bbdb5eda40 JavaThread "jar transforms Thread 2" [_thread_blocked, id=28292, stack(0x00000067aad00000,0x00000067aae00000)]
  0x000001bbdb5eacb0 JavaThread "Cache worker for checksums cache (C:\codegym\model4-lam-lai\case-module4\course-management-system\.gradle\8.14.4\checksums)" [_thread_blocked, id=27196, stack(0x00000067aae00000,0x00000067aaf00000)]
  0x000001bbdb5ecb10 JavaThread "Cache worker for file content cache (C:\Users\nguye\.gradle\caches\8.14.4\fileContent)" [_thread_blocked, id=18292, stack(0x00000067aaf00000,0x00000067ab000000)]
  0x000001bbdb5ec0f0 JavaThread "Cache worker for cache directory md-supplier (C:\Users\nguye\.gradle\caches\8.14.4\md-supplier)" [_thread_blocked, id=26476, stack(0x00000067ab000000,0x00000067ab100000)]
  0x000001bbdb5ed020 JavaThread "Cache worker for cache directory md-rule (C:\Users\nguye\.gradle\caches\8.14.4\md-rule)" [_thread_blocked, id=2624, stack(0x00000067ab100000,0x00000067ab200000)]
  0x000001bbdb5ed530 JavaThread "jar transforms Thread 3" [_thread_blocked, id=25624, stack(0x00000067ab200000,0x00000067ab300000)]
  0x000001bbdb5ec600 JavaThread "Unconstrained build operations" [_thread_blocked, id=2152, stack(0x00000067ab400000,0x00000067ab500000)]
  0x000001bbdb5ee460 JavaThread "Unconstrained build operations Thread 2" [_thread_blocked, id=30192, stack(0x00000067ab500000,0x00000067ab600000)]
  0x000001bbdb5ee970 JavaThread "Unconstrained build operations Thread 3" [_thread_blocked, id=17376, stack(0x00000067ab600000,0x00000067ab700000)]
  0x000001bbdb5eb1c0 JavaThread "Unconstrained build operations Thread 4" [_thread_blocked, id=16456, stack(0x00000067ab700000,0x00000067ab800000)]
  0x000001bbdb5f1c10 JavaThread "Unconstrained build operations Thread 5" [_thread_blocked, id=29408, stack(0x00000067ab800000,0x00000067ab900000)]
  0x000001bbdb5f07d0 JavaThread "Unconstrained build operations Thread 6" [_thread_blocked, id=3780, stack(0x00000067ab900000,0x00000067aba00000)]
  0x000001bbdb5f2120 JavaThread "Unconstrained build operations Thread 7" [_thread_blocked, id=28344, stack(0x00000067aba00000,0x00000067abb00000)]
  0x000001bbdb5f0ce0 JavaThread "Unconstrained build operations Thread 8" [_thread_blocked, id=30948, stack(0x00000067abb00000,0x00000067abc00000)]
  0x000001bbdb5efdb0 JavaThread "Unconstrained build operations Thread 9" [_thread_blocked, id=21644, stack(0x00000067abc00000,0x00000067abd00000)]
  0x000001bbdb5f2630 JavaThread "Unconstrained build operations Thread 10" [_thread_blocked, id=30464, stack(0x00000067abd00000,0x00000067abe00000)]
  0x000001bbdb5f11f0 JavaThread "Unconstrained build operations Thread 11" [_thread_blocked, id=19024, stack(0x00000067abe00000,0x00000067abf00000)]
  0x000001bbdb5eee80 JavaThread "Unconstrained build operations Thread 12" [_thread_blocked, id=13204, stack(0x00000067abf00000,0x00000067ac000000)]
  0x000001bbdb5ef8a0 JavaThread "Unconstrained build operations Thread 13" [_thread_blocked, id=4296, stack(0x00000067ac000000,0x00000067ac100000)]
  0x000001bbdb5f02c0 JavaThread "Unconstrained build operations Thread 14" [_thread_blocked, id=2912, stack(0x00000067ac100000,0x00000067ac200000)]
  0x000001bbdb5f1700 JavaThread "Unconstrained build operations Thread 15" [_thread_blocked, id=25004, stack(0x00000067ac200000,0x00000067ac300000)]
  0x000001bbdb5ef390 JavaThread "Unconstrained build operations Thread 16" [_thread_blocked, id=23524, stack(0x00000067ac300000,0x00000067ac400000)]
  0x000001bbdb8efc40 JavaThread "Unconstrained build operations Thread 17" [_thread_blocked, id=11152, stack(0x00000067ac400000,0x00000067ac500000)]
  0x000001bbdb8f1aa0 JavaThread "Unconstrained build operations Thread 18" [_thread_blocked, id=24052, stack(0x00000067ac500000,0x00000067ac600000)]
  0x000001bbdb8eed10 JavaThread "Unconstrained build operations Thread 19" [_thread_blocked, id=15744, stack(0x00000067ac600000,0x00000067ac700000)]
  0x000001bbdb8ef730 JavaThread "Unconstrained build operations Thread 20" [_thread_blocked, id=14032, stack(0x00000067ac700000,0x00000067ac800000)]
  0x000001bbdb8f29d0 JavaThread "Unconstrained build operations Thread 21" [_thread_blocked, id=21616, stack(0x00000067ac800000,0x00000067ac900000)]
  0x000001bbdb8f1080 JavaThread "Memory manager" [_thread_blocked, id=8516, stack(0x00000067ac900000,0x00000067aca00000)]
  0x000001bbdb8f1590 JavaThread "jar transforms Thread 4" [_thread_blocked, id=15828, stack(0x00000067aca00000,0x00000067acb00000)]
  0x000001bbdb8f1fb0 JavaThread "ForkJoinPool.commonPool-worker-1" daemon [_thread_blocked, id=27032, stack(0x00000067acc00000,0x00000067acd00000)]
  0x000001bbdb8f0b70 JavaThread "ForkJoinPool.commonPool-worker-2" daemon [_thread_blocked, id=27996, stack(0x00000067acd00000,0x00000067ace00000)]
  0x000001bbdb8f24c0 JavaThread "ForkJoinPool.commonPool-worker-3" daemon [_thread_blocked, id=9756, stack(0x00000067ace00000,0x00000067acf00000)]
  0x000001bbdb8ef220 JavaThread "ForkJoinPool.commonPool-worker-4" daemon [_thread_blocked, id=13824, stack(0x00000067acf00000,0x00000067ad000000)]
  0x000001bbdb8f2ee0 JavaThread "ForkJoinPool.commonPool-worker-5" daemon [_thread_blocked, id=20788, stack(0x00000067ad000000,0x00000067ad100000)]
  0x000001bbdb8f33f0 JavaThread "ForkJoinPool.commonPool-worker-6" daemon [_thread_blocked, id=17876, stack(0x00000067ad100000,0x00000067ad200000)]
  0x000001bbdb8f0660 JavaThread "ForkJoinPool.commonPool-worker-7" daemon [_thread_blocked, id=4848, stack(0x00000067ad200000,0x00000067ad300000)]
  0x000001bbdb8f0150 JavaThread "Exec process" [_thread_blocked, id=12632, stack(0x00000067ad300000,0x00000067ad400000)]
  0x000001bbdb8f3900 JavaThread "Exec process Thread 2" [_thread_blocked, id=13976, stack(0x00000067ad400000,0x00000067ad500000)]
  0x000001bbdb8f6690 JavaThread "Exec process Thread 3" [_thread_blocked, id=29108, stack(0x00000067ad500000,0x00000067ad600000)]
  0x000001bbdb8f3e10 JavaThread "Unconstrained build operations Thread 22" [_thread_blocked, id=29636, stack(0x00000067ad600000,0x00000067ad700000)]
  0x000001bbdb8f4d40 JavaThread "Unconstrained build operations Thread 23" [_thread_blocked, id=22040, stack(0x00000067ad700000,0x00000067ad800000)]
  0x000001bbdb8f4320 JavaThread "Unconstrained build operations Thread 24" [_thread_blocked, id=2180, stack(0x00000067ad800000,0x00000067ad900000)]
  0x000001bbdb8f4830 JavaThread "Unconstrained build operations Thread 25" [_thread_blocked, id=31700, stack(0x00000067ad900000,0x00000067ada00000)]
  0x000001bbdb8f5250 JavaThread "Unconstrained build operations Thread 26" [_thread_blocked, id=28200, stack(0x00000067ada00000,0x00000067adb00000)]
  0x000001bbdb8f5760 JavaThread "Unconstrained build operations Thread 27" [_thread_blocked, id=11852, stack(0x00000067adb00000,0x00000067adc00000)]
  0x000001bbdb8f5c70 JavaThread "Unconstrained build operations Thread 28" [_thread_blocked, id=6524, stack(0x00000067adc00000,0x00000067add00000)]
  0x000001bbdb8f6180 JavaThread "Unconstrained build operations Thread 29" [_thread_blocked, id=13608, stack(0x00000067add00000,0x00000067ade00000)]
  0x000001bbdd8b0c50 JavaThread "Unconstrained build operations Thread 30" [_thread_blocked, id=15272, stack(0x00000067ade00000,0x00000067adf00000)]
  0x000001bbdd8b0740 JavaThread "Unconstrained build operations Thread 31" [_thread_blocked, id=1904, stack(0x00000067adf00000,0x00000067ae000000)]
  0x000001bbdd8af810 JavaThread "Unconstrained build operations Thread 32" [_thread_blocked, id=17052, stack(0x00000067ae000000,0x00000067ae100000)]
  0x000001bbdd8ae8e0 JavaThread "Unconstrained build operations Thread 33" [_thread_blocked, id=23880, stack(0x00000067ae100000,0x00000067ae200000)]
  0x000001bbdd8aedf0 JavaThread "Unconstrained build operations Thread 34" [_thread_blocked, id=2712, stack(0x00000067ae200000,0x00000067ae300000)]
  0x000001bbdd8afd20 JavaThread "Unconstrained build operations Thread 35" [_thread_blocked, id=13788, stack(0x00000067ae300000,0x00000067ae400000)]
  0x000001bbdd8b0230 JavaThread "Unconstrained build operations Thread 36" [_thread_blocked, id=24940, stack(0x00000067ae400000,0x00000067ae500000)]
  0x000001bbdd8b1160 JavaThread "Unconstrained build operations Thread 37" [_thread_blocked, id=29028, stack(0x00000067ae500000,0x00000067ae600000)]
  0x000001bbdd8b1670 JavaThread "Unconstrained build operations Thread 38" [_thread_blocked, id=29828, stack(0x00000067ae600000,0x00000067ae700000)]
  0x000001bbdd8adec0 JavaThread "Unconstrained build operations Thread 39" [_thread_blocked, id=2596, stack(0x00000067ae700000,0x00000067ae800000)]
  0x000001bbdd8b1b80 JavaThread "Unconstrained build operations Thread 40" [_thread_blocked, id=9072, stack(0x00000067ae800000,0x00000067ae900000)]
  0x000001bbdd8ae3d0 JavaThread "Unconstrained build operations Thread 41" [_thread_blocked, id=5756, stack(0x00000067ae900000,0x00000067aea00000)]
  0x000001bbdd8b2090 JavaThread "Unconstrained build operations Thread 42" [_thread_blocked, id=21996, stack(0x00000067aea00000,0x00000067aeb00000)]
  0x000001bbdd8b25a0 JavaThread "Unconstrained build operations Thread 43" [_thread_blocked, id=23836, stack(0x00000067aeb00000,0x00000067aec00000)]
  0x000001bbdd8b2ab0 JavaThread "Unconstrained build operations Thread 44" [_thread_blocked, id=15120, stack(0x00000067aec00000,0x00000067aed00000)]
  0x000001bbdd8af300 JavaThread "Unconstrained build operations Thread 45" [_thread_blocked, id=7464, stack(0x00000067aed00000,0x00000067aee00000)]
  0x000001bbdd8b2fc0 JavaThread "Unconstrained build operations Thread 46" [_thread_blocked, id=16512, stack(0x00000067aee00000,0x00000067aef00000)]
  0x000001bbdd8b34d0 JavaThread "Unconstrained build operations Thread 47" [_thread_blocked, id=25448, stack(0x00000067aef00000,0x00000067af000000)]
  0x000001bbdd8b39e0 JavaThread "Unconstrained build operations Thread 48" [_thread_blocked, id=27108, stack(0x00000067af000000,0x00000067af100000)]
  0x000001bbdd8b3ef0 JavaThread "Unconstrained build operations Thread 49" [_thread_blocked, id=21404, stack(0x00000067af100000,0x00000067af200000)]
  0x000001bbdd8b4400 JavaThread "Unconstrained build operations Thread 50" [_thread_blocked, id=9708, stack(0x00000067af200000,0x00000067af300000)]
  0x000001bbdd8b4910 JavaThread "Unconstrained build operations Thread 51" [_thread_blocked, id=21428, stack(0x00000067af300000,0x00000067af400000)]
  0x000001bbdd8b5330 JavaThread "Unconstrained build operations Thread 52" [_thread_blocked, id=26044, stack(0x00000067af400000,0x00000067af500000)]
  0x000001bbdd8b5840 JavaThread "Unconstrained build operations Thread 53" [_thread_blocked, id=30316, stack(0x00000067af500000,0x00000067af600000)]
  0x000001bbdd8b4e20 JavaThread "Unconstrained build operations Thread 54" [_thread_blocked, id=30228, stack(0x00000067af600000,0x00000067af700000)]
  0x000001bbdfa79d50 JavaThread "Unconstrained build operations Thread 55" [_thread_blocked, id=30792, stack(0x00000067af700000,0x00000067af800000)]
  0x000001bbdfa7d500 JavaThread "Unconstrained build operations Thread 56" [_thread_blocked, id=30440, stack(0x00000067af800000,0x00000067af900000)]
  0x000001bbdfa7b190 JavaThread "Unconstrained build operations Thread 57" [_thread_blocked, id=16188, stack(0x00000067af900000,0x00000067afa00000)]
  0x000001bbdfa7a260 JavaThread "Unconstrained build operations Thread 58" [_thread_blocked, id=15916, stack(0x00000067afa00000,0x00000067afb00000)]
  0x000001bbdfa7a770 JavaThread "Unconstrained build operations Thread 59" [_thread_blocked, id=11312, stack(0x00000067afb00000,0x00000067afc00000)]
  0x000001bbdfa7ac80 JavaThread "Unconstrained build operations Thread 60" [_thread_blocked, id=25036, stack(0x00000067afc00000,0x00000067afd00000)]
  0x000001bbdfa7c0c0 JavaThread "Unconstrained build operations Thread 61" [_thread_blocked, id=5952, stack(0x00000067afd00000,0x00000067afe00000)]
  0x000001bbdfa7b6a0 JavaThread "Unconstrained build operations Thread 62" [_thread_blocked, id=852, stack(0x00000067afe00000,0x00000067aff00000)]
  0x000001bbdfa7cae0 JavaThread "Unconstrained build operations Thread 63" [_thread_blocked, id=18492, stack(0x00000067aff00000,0x00000067b0000000)]
  0x000001bbdfa7cff0 JavaThread "Unconstrained build operations Thread 64" [_thread_blocked, id=12764, stack(0x00000067b0000000,0x00000067b0100000)]
  0x000001bbdfa7bbb0 JavaThread "Unconstrained build operations Thread 65" [_thread_blocked, id=5864, stack(0x00000067b0100000,0x00000067b0200000)]
  0x000001bbdfa7c5d0 JavaThread "Unconstrained build operations Thread 66" [_thread_blocked, id=1696, stack(0x00000067b0200000,0x00000067b0300000)]
  0x000001bbde836940 JavaThread "Unconstrained build operations Thread 67" [_thread_blocked, id=29328, stack(0x00000067b0300000,0x00000067b0400000)]
  0x000001bbde8391c0 JavaThread "Unconstrained build operations Thread 68" [_thread_blocked, id=18184, stack(0x00000067b0400000,0x00000067b0500000)]
  0x000001bbde8387a0 JavaThread "Unconstrained build operations Thread 69" [_thread_blocked, id=27672, stack(0x00000067b0500000,0x00000067b0600000)]
  0x000001bbde837d80 JavaThread "Unconstrained build operations Thread 70" [_thread_blocked, id=6764, stack(0x00000067b0600000,0x00000067b0700000)]
  0x000001bbde836e50 JavaThread "Unconstrained build operations Thread 71" [_thread_blocked, id=9776, stack(0x00000067b0700000,0x00000067b0800000)]
  0x000001bbde835a10 JavaThread "Unconstrained build operations Thread 72" [_thread_blocked, id=28212, stack(0x00000067b0800000,0x00000067b0900000)]
  0x000001bbde838cb0 JavaThread "Unconstrained build operations Thread 73" [_thread_blocked, id=23024, stack(0x00000067b0900000,0x00000067b0a00000)]
  0x000001bbde835f20 JavaThread "Unconstrained build operations Thread 74" [_thread_blocked, id=29528, stack(0x00000067b0a00000,0x00000067b0b00000)]
  0x000001bbde836430 JavaThread "Unconstrained build operations Thread 75" [_thread_blocked, id=17272, stack(0x00000067b0b00000,0x00000067b0c00000)]
  0x000001bbde837360 JavaThread "Unconstrained build operations Thread 76" [_thread_blocked, id=11740, stack(0x00000067b0c00000,0x00000067b0d00000)]
  0x000001bbde838290 JavaThread "Unconstrained build operations Thread 77" [_thread_blocked, id=31280, stack(0x00000067b0d00000,0x00000067b0e00000)]
  0x000001bbde448030 JavaThread "Unconstrained build operations Thread 78" [_thread_blocked, id=26256, stack(0x00000067b0e00000,0x00000067b0f00000)]
  0x000001bbde449980 JavaThread "Unconstrained build operations Thread 79" [_thread_blocked, id=1324, stack(0x00000067b0f00000,0x00000067b1000000)]
  0x000001bbde44bcf0 JavaThread "Unconstrained build operations Thread 80" [_thread_blocked, id=22656, stack(0x00000067b1000000,0x00000067b1100000)]
  0x000001bbde44a3a0 JavaThread "included builds" [_thread_blocked, id=30100, stack(0x00000067b1100000,0x00000067b1200000)]
  0x000001bbde448f60 JavaThread "Execution worker" [_thread_in_Java, id=24184, stack(0x00000067b1200000,0x00000067b1300000)]
  0x000001bbde44b7e0 JavaThread "Execution worker Thread 2" [_thread_blocked, id=22240, stack(0x00000067b1300000,0x00000067b1400000)]
  0x000001bbde448540 JavaThread "Execution worker Thread 3" [_thread_blocked, id=28156, stack(0x00000067b1400000,0x00000067b1500000)]
  0x000001bbde44c200 JavaThread "Execution worker Thread 4" [_thread_blocked, id=26172, stack(0x00000067b1500000,0x00000067b1600000)]
  0x000001bbde449e90 JavaThread "Execution worker Thread 5" [_thread_blocked, id=10268, stack(0x00000067b1600000,0x00000067b1700000)]
  0x000001bbde44a8b0 JavaThread "Execution worker Thread 6" [_thread_blocked, id=7788, stack(0x00000067b1700000,0x00000067b1800000)]
  0x000001bbde449470 JavaThread "Execution worker Thread 7" [_thread_blocked, id=9448, stack(0x00000067b1800000,0x00000067b1900000)]
  0x000001bbde44adc0 JavaThread "Cache worker for execution history cache (C:\codegym\model4-lam-lai\case-module4\course-management-system\.gradle\8.14.4\executionHistory)" [_thread_blocked, id=30672, stack(0x00000067b1900000,0x00000067b1a00000)]
  0x000001bbde44b2d0 JavaThread "Cache worker for Java compile cache (C:\Users\nguye\.gradle\caches\8.14.4\javaCompile)" [_thread_blocked, id=26592, stack(0x00000067ab300000,0x00000067ab400000)]
  0x000001bbde448a50 JavaThread "Build operations" [_thread_blocked, id=14080, stack(0x00000067b1a00000,0x00000067b1b00000)]
  0x000001bbde44ea80 JavaThread "Build operations Thread 2" [_thread_blocked, id=19524, stack(0x00000067b1b00000,0x00000067b1c00000)]
  0x000001bbde44e060 JavaThread "Build operations Thread 3" [_thread_blocked, id=3100, stack(0x00000067b1c00000,0x00000067b1d00000)]
  0x000001bbde44ef90 JavaThread "Build operations Thread 4" [_thread_blocked, id=21244, stack(0x00000067b1d00000,0x00000067b1e00000)]
  0x000001bbde44e570 JavaThread "Build operations Thread 5" [_thread_blocked, id=18264, stack(0x00000067b1e00000,0x00000067b1f00000)]
  0x000001bbde44f4a0 JavaThread "Build operations Thread 6" [_thread_blocked, id=28860, stack(0x00000067b1f00000,0x00000067b2000000)]
  0x000001bbde44f9b0 JavaThread "Build operations Thread 7" [_thread_blocked, id=30844, stack(0x00000067b2000000,0x00000067b2100000)]
=>0x000001bbdcb45930 JavaThread "C2 CompilerThread1" daemon [_thread_in_native, id=7868, stack(0x00000067b2200000,0x00000067b2300000)]

Other Threads:
  0x000001bbbfe9dfa0 VMThread "VM Thread" [stack: 0x00000067a8500000,0x00000067a8600000] [id=16552]
  0x000001bba55b0880 WatcherThread [stack: 0x00000067a9100000,0x00000067a9200000] [id=13292]
  0x000001bba5590f00 GCTaskThread "GC Thread#0" [stack: 0x00000067a8000000,0x00000067a8100000] [id=25980]
  0x000001bbd9375470 GCTaskThread "GC Thread#1" [stack: 0x00000067a9300000,0x00000067a9400000] [id=21912]
  0x000001bbd9643650 GCTaskThread "GC Thread#2" [stack: 0x00000067a9400000,0x00000067a9500000] [id=15276]
  0x000001bbd9432e80 GCTaskThread "GC Thread#3" [stack: 0x00000067a9500000,0x00000067a9600000] [id=16924]
  0x000001bbd9433140 GCTaskThread "GC Thread#4" [stack: 0x00000067a9600000,0x00000067a9700000] [id=9228]
  0x000001bbd9636750 GCTaskThread "GC Thread#5" [stack: 0x00000067a9700000,0x00000067a9800000] [id=20408]
  0x000001bbdab1e880 GCTaskThread "GC Thread#6" [stack: 0x00000067a9800000,0x00000067a9900000] [id=6880]
  0x000001bbda23c050 GCTaskThread "GC Thread#7" [stack: 0x00000067a9900000,0x00000067a9a00000] [id=3196]
  0x000001bba5595d60 ConcurrentGCThread "G1 Main Marker" [stack: 0x00000067a8100000,0x00000067a8200000] [id=27612]
  0x000001bba5596680 ConcurrentGCThread "G1 Conc#0" [stack: 0x00000067a8200000,0x00000067a8300000] [id=24872]
  0x000001bbdb3ec320 ConcurrentGCThread "G1 Conc#1" [stack: 0x00000067aa900000,0x00000067aaa00000] [id=20492]
  0x000001bba562d7f0 ConcurrentGCThread "G1 Refine#0" [stack: 0x00000067a8300000,0x00000067a8400000] [id=27828]
  0x000001bbdd8cf3b0 ConcurrentGCThread "G1 Refine#1" [stack: 0x00000067acb00000,0x00000067acc00000] [id=20080]
  0x000001bbdd8d0840 ConcurrentGCThread "G1 Refine#2" [stack: 0x00000067aa600000,0x00000067aa700000] [id=9264]
  0x000001bbdd8d16f0 ConcurrentGCThread "G1 Refine#3" [stack: 0x00000067b2100000,0x00000067b2200000] [id=13076]
  0x000001bba562dfd0 ConcurrentGCThread "G1 Service" [stack: 0x00000067a8400000,0x00000067a8500000] [id=14128]

Threads with active compile tasks:
C2 CompilerThread0    20564 9925   !   4       java.util.jar.Attributes::read (494 bytes)
C2 CompilerThread1    20564 9862   !   4       com.sun.tools.javac.file.JavacFileManager$ArchiveContainer::walkDirectories (134 bytes)

VM state: not at safepoint (normal execution)

VM Mutex/Monitor currently owned by a thread: None

Heap address: 0x00000000e0000000, size: 512 MB, Compressed Oops mode: 32-bit

CDS archive(s) mapped at: [0x000001bbc0000000-0x000001bbc0bd0000-0x000001bbc0bd0000), size 12386304, SharedBaseAddress: 0x000001bbc0000000, ArchiveRelocationMode: 1.
Compressed class space mapped at: 0x000001bbc1000000-0x000001bbd5000000, reserved size: 335544320
Narrow klass base: 0x000001bbc0000000, Narrow klass shift: 0, Narrow klass range: 0x100000000

GC Precious Log:
 CPUs: 8 total, 8 available
 Memory: 7959M
 Large Page Support: Disabled
 NUMA Support: Disabled
 Compressed Oops: Enabled (32-bit)
 Heap Region Size: 1M
 Heap Min Capacity: 256M
 Heap Initial Capacity: 256M
 Heap Max Capacity: 512M
 Pre-touch: Disabled
 Parallel Workers: 8
 Concurrent Workers: 2
 Concurrent Refinement Workers: 8
 Periodic GC: Disabled

Heap:
 garbage-first heap   total 262144K, used 95287K [0x00000000e0000000, 0x0000000100000000)
  region size 1024K, 54 young (55296K), 20 survivors (20480K)
 Metaspace       used 63870K, committed 64448K, reserved 393216K
  class space    used 8844K, committed 9088K, reserved 327680K

Heap Regions: E=young(eden), S=young(survivor), O=old, HS=humongous(starts), HC=humongous(continues), CS=collection set, F=free, OA=open archive, CA=closed archive, TAMS=top-at-mark-start (previous, next)
|   0|0x00000000e0000000, 0x00000000e0100000, 0x00000000e0100000|100%|HS|  |TAMS 0x00000000e0100000, 0x00000000e0000000| Complete 
|   1|0x00000000e0100000, 0x00000000e0200000, 0x00000000e0200000|100%|HC|  |TAMS 0x00000000e0200000, 0x00000000e0100000| Complete 
|   2|0x00000000e0200000, 0x00000000e0300000, 0x00000000e0300000|100%|HC|  |TAMS 0x00000000e0300000, 0x00000000e0200000| Complete 
|   3|0x00000000e0300000, 0x00000000e0400000, 0x00000000e0400000|100%| O|  |TAMS 0x00000000e0400000, 0x00000000e0300000| Untracked 
|   4|0x00000000e0400000, 0x00000000e0500000, 0x00000000e0500000|100%| O|  |TAMS 0x00000000e0500000, 0x00000000e0400000| Untracked 
|   5|0x00000000e0500000, 0x00000000e0600000, 0x00000000e0600000|100%| O|  |TAMS 0x00000000e0600000, 0x00000000e0500000| Untracked 
|   6|0x00000000e0600000, 0x00000000e0700000, 0x00000000e0700000|100%|HS|  |TAMS 0x00000000e0700000, 0x00000000e0600000| Complete 
|   7|0x00000000e0700000, 0x00000000e0800000, 0x00000000e0800000|100%| O|  |TAMS 0x00000000e0800000, 0x00000000e0700000| Untracked 
|   8|0x00000000e0800000, 0x00000000e0900000, 0x00000000e0900000|100%| O|  |TAMS 0x00000000e0900000, 0x00000000e0800000| Untracked 
|   9|0x00000000e0900000, 0x00000000e0a00000, 0x00000000e0a00000|100%| O|  |TAMS 0x00000000e0900000, 0x00000000e0900000| Untracked 
|  10|0x00000000e0a00000, 0x00000000e0b00000, 0x00000000e0b00000|100%| O|  |TAMS 0x00000000e0b00000, 0x00000000e0a00000| Untracked 
|  11|0x00000000e0b00000, 0x00000000e0c00000, 0x00000000e0c00000|100%| O|  |TAMS 0x00000000e0c00000, 0x00000000e0b00000| Untracked 
|  12|0x00000000e0c00000, 0x00000000e0d00000, 0x00000000e0d00000|100%| O|  |TAMS 0x00000000e0d00000, 0x00000000e0c00000| Untracked 
|  13|0x00000000e0d00000, 0x00000000e0e00000, 0x00000000e0e00000|100%| O|  |TAMS 0x00000000e0e00000, 0x00000000e0d00000| Untracked 
|  14|0x00000000e0e00000, 0x00000000e0f00000, 0x00000000e0f00000|100%| O|  |TAMS 0x00000000e0f00000, 0x00000000e0e00000| Untracked 
|  15|0x00000000e0f00000, 0x00000000e1000000, 0x00000000e1000000|100%| O|  |TAMS 0x00000000e1000000, 0x00000000e0f00000| Untracked 
|  16|0x00000000e1000000, 0x00000000e1100000, 0x00000000e1100000|100%| O|  |TAMS 0x00000000e1100000, 0x00000000e1000000| Untracked 
|  17|0x00000000e1100000, 0x00000000e1200000, 0x00000000e1200000|100%| O|  |TAMS 0x00000000e1200000, 0x00000000e1100000| Untracked 
|  18|0x00000000e1200000, 0x00000000e1300000, 0x00000000e1300000|100%| O|  |TAMS 0x00000000e1300000, 0x00000000e1200000| Untracked 
|  19|0x00000000e1300000, 0x00000000e1400000, 0x00000000e1400000|100%| O|  |TAMS 0x00000000e1400000, 0x00000000e1300000| Untracked 
|  20|0x00000000e1400000, 0x00000000e1500000, 0x00000000e1500000|100%| O|  |TAMS 0x00000000e1500000, 0x00000000e1400000| Untracked 
|  21|0x00000000e1500000, 0x00000000e1600000, 0x00000000e1600000|100%| O|  |TAMS 0x00000000e1600000, 0x00000000e1500000| Untracked 
|  22|0x00000000e1600000, 0x00000000e1700000, 0x00000000e1700000|100%| O|  |TAMS 0x00000000e1700000, 0x00000000e1600000| Untracked 
|  23|0x00000000e1700000, 0x00000000e1800000, 0x00000000e1800000|100%| O|  |TAMS 0x00000000e1800000, 0x00000000e1700000| Untracked 
|  24|0x00000000e1800000, 0x00000000e1900000, 0x00000000e1900000|100%| O|  |TAMS 0x00000000e1900000, 0x00000000e1800000| Untracked 
|  25|0x00000000e1900000, 0x00000000e1a00000, 0x00000000e1a00000|100%| O|  |TAMS 0x00000000e1a00000, 0x00000000e1900000| Untracked 
|  26|0x00000000e1a00000, 0x00000000e1b00000, 0x00000000e1b00000|100%| O|  |TAMS 0x00000000e1b00000, 0x00000000e1a00000| Untracked 
|  27|0x00000000e1b00000, 0x00000000e1c00000, 0x00000000e1c00000|100%| O|  |TAMS 0x00000000e1c00000, 0x00000000e1b00000| Untracked 
|  28|0x00000000e1c00000, 0x00000000e1d00000, 0x00000000e1d00000|100%| O|  |TAMS 0x00000000e1d00000, 0x00000000e1c00000| Untracked 
|  29|0x00000000e1d00000, 0x00000000e1e00000, 0x00000000e1e00000|100%| O|  |TAMS 0x00000000e1e00000, 0x00000000e1d00000| Untracked 
|  30|0x00000000e1e00000, 0x00000000e1f00000, 0x00000000e1f00000|100%| O|  |TAMS 0x00000000e1f00000, 0x00000000e1e00000| Untracked 
|  31|0x00000000e1f00000, 0x00000000e2000000, 0x00000000e2000000|100%| O|  |TAMS 0x00000000e1f4aa00, 0x00000000e1f00000| Untracked 
|  32|0x00000000e2000000, 0x00000000e2100000, 0x00000000e2100000|100%| O|  |TAMS 0x00000000e2000000, 0x00000000e2000000| Untracked 
|  33|0x00000000e2100000, 0x00000000e2200000, 0x00000000e2200000|100%| O|  |TAMS 0x00000000e2100000, 0x00000000e2100000| Untracked 
|  34|0x00000000e2200000, 0x00000000e2300000, 0x00000000e2300000|100%| O|  |TAMS 0x00000000e2200000, 0x00000000e2200000| Untracked 
|  35|0x00000000e2300000, 0x00000000e23ffff8, 0x00000000e2400000| 99%| O|  |TAMS 0x00000000e2300000, 0x00000000e2300000| Untracked 
|  36|0x00000000e2400000, 0x00000000e2500000, 0x00000000e2500000|100%| O|  |TAMS 0x00000000e2400000, 0x00000000e2400000| Untracked 
|  37|0x00000000e2500000, 0x00000000e2600000, 0x00000000e2600000|100%| O|  |TAMS 0x00000000e2500000, 0x00000000e2500000| Untracked 
|  38|0x00000000e2600000, 0x00000000e2700000, 0x00000000e2700000|100%| O|  |TAMS 0x00000000e2600000, 0x00000000e2600000| Untracked 
|  39|0x00000000e2700000, 0x00000000e2800000, 0x00000000e2800000|100%| O|  |TAMS 0x00000000e2700000, 0x00000000e2700000| Untracked 
|  40|0x00000000e2800000, 0x00000000e280e000, 0x00000000e2900000|  5%| O|  |TAMS 0x00000000e2800000, 0x00000000e2800000| Untracked 
|  41|0x00000000e2900000, 0x00000000e2a00000, 0x00000000e2a00000|100%|HS|  |TAMS 0x00000000e2900000, 0x00000000e2900000| Complete 
|  42|0x00000000e2a00000, 0x00000000e2a00000, 0x00000000e2b00000|  0%| F|  |TAMS 0x00000000e2a00000, 0x00000000e2a00000| Untracked 
|  43|0x00000000e2b00000, 0x00000000e2b00000, 0x00000000e2c00000|  0%| F|  |TAMS 0x00000000e2b00000, 0x00000000e2b00000| Untracked 
|  44|0x00000000e2c00000, 0x00000000e2c00000, 0x00000000e2d00000|  0%| F|  |TAMS 0x00000000e2c00000, 0x00000000e2c00000| Untracked 
|  45|0x00000000e2d00000, 0x00000000e2d00000, 0x00000000e2e00000|  0%| F|  |TAMS 0x00000000e2d00000, 0x00000000e2d00000| Untracked 
|  46|0x00000000e2e00000, 0x00000000e2e00000, 0x00000000e2f00000|  0%| F|  |TAMS 0x00000000e2e00000, 0x00000000e2e00000| Untracked 
|  47|0x00000000e2f00000, 0x00000000e2f00000, 0x00000000e3000000|  0%| F|  |TAMS 0x00000000e2f00000, 0x00000000e2f00000| Untracked 
|  48|0x00000000e3000000, 0x00000000e3000000, 0x00000000e3100000|  0%| F|  |TAMS 0x00000000e3000000, 0x00000000e3000000| Untracked 
|  49|0x00000000e3100000, 0x00000000e3100000, 0x00000000e3200000|  0%| F|  |TAMS 0x00000000e3100000, 0x00000000e3100000| Untracked 
|  50|0x00000000e3200000, 0x00000000e3200000, 0x00000000e3300000|  0%| F|  |TAMS 0x00000000e3200000, 0x00000000e3200000| Untracked 
|  51|0x00000000e3300000, 0x00000000e3300000, 0x00000000e3400000|  0%| F|  |TAMS 0x00000000e3300000, 0x00000000e3300000| Untracked 
|  52|0x00000000e3400000, 0x00000000e3400000, 0x00000000e3500000|  0%| F|  |TAMS 0x00000000e3400000, 0x00000000e3400000| Untracked 
|  53|0x00000000e3500000, 0x00000000e3500000, 0x00000000e3600000|  0%| F|  |TAMS 0x00000000e3500000, 0x00000000e3500000| Untracked 
|  54|0x00000000e3600000, 0x00000000e3600000, 0x00000000e3700000|  0%| F|  |TAMS 0x00000000e3600000, 0x00000000e3600000| Untracked 
|  55|0x00000000e3700000, 0x00000000e3700000, 0x00000000e3800000|  0%| F|  |TAMS 0x00000000e3700000, 0x00000000e3700000| Untracked 
|  56|0x00000000e3800000, 0x00000000e3800000, 0x00000000e3900000|  0%| F|  |TAMS 0x00000000e3800000, 0x00000000e3800000| Untracked 
|  57|0x00000000e3900000, 0x00000000e3900000, 0x00000000e3a00000|  0%| F|  |TAMS 0x00000000e3900000, 0x00000000e3900000| Untracked 
|  58|0x00000000e3a00000, 0x00000000e3a00000, 0x00000000e3b00000|  0%| F|  |TAMS 0x00000000e3a00000, 0x00000000e3a00000| Untracked 
|  59|0x00000000e3b00000, 0x00000000e3b00000, 0x00000000e3c00000|  0%| F|  |TAMS 0x00000000e3b00000, 0x00000000e3b00000| Untracked 
|  60|0x00000000e3c00000, 0x00000000e3c00000, 0x00000000e3d00000|  0%| F|  |TAMS 0x00000000e3c00000, 0x00000000e3c00000| Untracked 
|  61|0x00000000e3d00000, 0x00000000e3d00000, 0x00000000e3e00000|  0%| F|  |TAMS 0x00000000e3d00000, 0x00000000e3d00000| Untracked 
|  62|0x00000000e3e00000, 0x00000000e3e00000, 0x00000000e3f00000|  0%| F|  |TAMS 0x00000000e3e00000, 0x00000000e3e00000| Untracked 
|  63|0x00000000e3f00000, 0x00000000e3f00000, 0x00000000e4000000|  0%| F|  |TAMS 0x00000000e3f00000, 0x00000000e3f00000| Untracked 
|  64|0x00000000e4000000, 0x00000000e4000000, 0x00000000e4100000|  0%| F|  |TAMS 0x00000000e4000000, 0x00000000e4000000| Untracked 
|  65|0x00000000e4100000, 0x00000000e4100000, 0x00000000e4200000|  0%| F|  |TAMS 0x00000000e4100000, 0x00000000e4100000| Untracked 
|  66|0x00000000e4200000, 0x00000000e4200000, 0x00000000e4300000|  0%| F|  |TAMS 0x00000000e4200000, 0x00000000e4200000| Untracked 
|  67|0x00000000e4300000, 0x00000000e4300000, 0x00000000e4400000|  0%| F|  |TAMS 0x00000000e4300000, 0x00000000e4300000| Untracked 
|  68|0x00000000e4400000, 0x00000000e4400000, 0x00000000e4500000|  0%| F|  |TAMS 0x00000000e4400000, 0x00000000e4400000| Untracked 
|  69|0x00000000e4500000, 0x00000000e4500000, 0x00000000e4600000|  0%| F|  |TAMS 0x00000000e4500000, 0x00000000e4500000| Untracked 
|  70|0x00000000e4600000, 0x00000000e4600000, 0x00000000e4700000|  0%| F|  |TAMS 0x00000000e4600000, 0x00000000e4600000| Untracked 
|  71|0x00000000e4700000, 0x00000000e4700000, 0x00000000e4800000|  0%| F|  |TAMS 0x00000000e4700000, 0x00000000e4700000| Untracked 
|  72|0x00000000e4800000, 0x00000000e4800000, 0x00000000e4900000|  0%| F|  |TAMS 0x00000000e4800000, 0x00000000e4800000| Untracked 
|  73|0x00000000e4900000, 0x00000000e4900000, 0x00000000e4a00000|  0%| F|  |TAMS 0x00000000e4900000, 0x00000000e4900000| Untracked 
|  74|0x00000000e4a00000, 0x00000000e4a00000, 0x00000000e4b00000|  0%| F|  |TAMS 0x00000000e4a00000, 0x00000000e4a00000| Untracked 
|  75|0x00000000e4b00000, 0x00000000e4b00000, 0x00000000e4c00000|  0%| F|  |TAMS 0x00000000e4b00000, 0x00000000e4b00000| Untracked 
|  76|0x00000000e4c00000, 0x00000000e4c00000, 0x00000000e4d00000|  0%| F|  |TAMS 0x00000000e4c00000, 0x00000000e4c00000| Untracked 
|  77|0x00000000e4d00000, 0x00000000e4d00000, 0x00000000e4e00000|  0%| F|  |TAMS 0x00000000e4d00000, 0x00000000e4d00000| Untracked 
|  78|0x00000000e4e00000, 0x00000000e4e00000, 0x00000000e4f00000|  0%| F|  |TAMS 0x00000000e4e00000, 0x00000000e4e00000| Untracked 
|  79|0x00000000e4f00000, 0x00000000e4f00000, 0x00000000e5000000|  0%| F|  |TAMS 0x00000000e4f00000, 0x00000000e4f00000| Untracked 
|  80|0x00000000e5000000, 0x00000000e5000000, 0x00000000e5100000|  0%| F|  |TAMS 0x00000000e5000000, 0x00000000e5000000| Untracked 
|  81|0x00000000e5100000, 0x00000000e5100000, 0x00000000e5200000|  0%| F|  |TAMS 0x00000000e5100000, 0x00000000e5100000| Untracked 
|  82|0x00000000e5200000, 0x00000000e5200000, 0x00000000e5300000|  0%| F|  |TAMS 0x00000000e5200000, 0x00000000e5200000| Untracked 
|  83|0x00000000e5300000, 0x00000000e5300000, 0x00000000e5400000|  0%| F|  |TAMS 0x00000000e5300000, 0x00000000e5300000| Untracked 
|  84|0x00000000e5400000, 0x00000000e5400000, 0x00000000e5500000|  0%| F|  |TAMS 0x00000000e5400000, 0x00000000e5400000| Untracked 
|  85|0x00000000e5500000, 0x00000000e5500000, 0x00000000e5600000|  0%| F|  |TAMS 0x00000000e5500000, 0x00000000e5500000| Untracked 
|  86|0x00000000e5600000, 0x00000000e5600000, 0x00000000e5700000|  0%| F|  |TAMS 0x00000000e5600000, 0x00000000e5600000| Untracked 
|  87|0x00000000e5700000, 0x00000000e5700000, 0x00000000e5800000|  0%| F|  |TAMS 0x00000000e5700000, 0x00000000e5700000| Untracked 
|  88|0x00000000e5800000, 0x00000000e5800000, 0x00000000e5900000|  0%| F|  |TAMS 0x00000000e5800000, 0x00000000e5800000| Untracked 
|  89|0x00000000e5900000, 0x00000000e5900000, 0x00000000e5a00000|  0%| F|  |TAMS 0x00000000e5900000, 0x00000000e5900000| Untracked 
|  90|0x00000000e5a00000, 0x00000000e5a00000, 0x00000000e5b00000|  0%| F|  |TAMS 0x00000000e5a00000, 0x00000000e5a00000| Untracked 
|  91|0x00000000e5b00000, 0x00000000e5b00000, 0x00000000e5c00000|  0%| F|  |TAMS 0x00000000e5b00000, 0x00000000e5b00000| Untracked 
|  92|0x00000000e5c00000, 0x00000000e5c00000, 0x00000000e5d00000|  0%| F|  |TAMS 0x00000000e5c00000, 0x00000000e5c00000| Untracked 
|  93|0x00000000e5d00000, 0x00000000e5d00000, 0x00000000e5e00000|  0%| F|  |TAMS 0x00000000e5d00000, 0x00000000e5d00000| Untracked 
|  94|0x00000000e5e00000, 0x00000000e5e00000, 0x00000000e5f00000|  0%| F|  |TAMS 0x00000000e5e00000, 0x00000000e5e00000| Untracked 
|  95|0x00000000e5f00000, 0x00000000e5f00000, 0x00000000e6000000|  0%| F|  |TAMS 0x00000000e5f00000, 0x00000000e5f00000| Untracked 
|  96|0x00000000e6000000, 0x00000000e6000000, 0x00000000e6100000|  0%| F|  |TAMS 0x00000000e6000000, 0x00000000e6000000| Untracked 
|  97|0x00000000e6100000, 0x00000000e6100000, 0x00000000e6200000|  0%| F|  |TAMS 0x00000000e6100000, 0x00000000e6100000| Untracked 
|  98|0x00000000e6200000, 0x00000000e6200000, 0x00000000e6300000|  0%| F|  |TAMS 0x00000000e6200000, 0x00000000e6200000| Untracked 
|  99|0x00000000e6300000, 0x00000000e6300000, 0x00000000e6400000|  0%| F|  |TAMS 0x00000000e6300000, 0x00000000e6300000| Untracked 
| 100|0x00000000e6400000, 0x00000000e6400000, 0x00000000e6500000|  0%| F|  |TAMS 0x00000000e6400000, 0x00000000e6400000| Untracked 
| 101|0x00000000e6500000, 0x00000000e6500000, 0x00000000e6600000|  0%| F|  |TAMS 0x00000000e6500000, 0x00000000e6500000| Untracked 
| 102|0x00000000e6600000, 0x00000000e6600000, 0x00000000e6700000|  0%| F|  |TAMS 0x00000000e6600000, 0x00000000e6600000| Untracked 
| 103|0x00000000e6700000, 0x00000000e6700000, 0x00000000e6800000|  0%| F|  |TAMS 0x00000000e6700000, 0x00000000e6700000| Untracked 
| 104|0x00000000e6800000, 0x00000000e6800000, 0x00000000e6900000|  0%| F|  |TAMS 0x00000000e6800000, 0x00000000e6800000| Untracked 
| 105|0x00000000e6900000, 0x00000000e6900000, 0x00000000e6a00000|  0%| F|  |TAMS 0x00000000e6900000, 0x00000000e6900000| Untracked 
| 106|0x00000000e6a00000, 0x00000000e6a00000, 0x00000000e6b00000|  0%| F|  |TAMS 0x00000000e6a00000, 0x00000000e6a00000| Untracked 
| 107|0x00000000e6b00000, 0x00000000e6b00000, 0x00000000e6c00000|  0%| F|  |TAMS 0x00000000e6b00000, 0x00000000e6b00000| Untracked 
| 108|0x00000000e6c00000, 0x00000000e6c00000, 0x00000000e6d00000|  0%| F|  |TAMS 0x00000000e6c00000, 0x00000000e6c00000| Untracked 
| 109|0x00000000e6d00000, 0x00000000e6d00000, 0x00000000e6e00000|  0%| F|  |TAMS 0x00000000e6d00000, 0x00000000e6d00000| Untracked 
| 110|0x00000000e6e00000, 0x00000000e6e00000, 0x00000000e6f00000|  0%| F|  |TAMS 0x00000000e6e00000, 0x00000000e6e00000| Untracked 
| 111|0x00000000e6f00000, 0x00000000e6f00000, 0x00000000e7000000|  0%| F|  |TAMS 0x00000000e6f00000, 0x00000000e6f00000| Untracked 
| 112|0x00000000e7000000, 0x00000000e7000000, 0x00000000e7100000|  0%| F|  |TAMS 0x00000000e7000000, 0x00000000e7000000| Untracked 
| 113|0x00000000e7100000, 0x00000000e7100000, 0x00000000e7200000|  0%| F|  |TAMS 0x00000000e7100000, 0x00000000e7100000| Untracked 
| 114|0x00000000e7200000, 0x00000000e7200000, 0x00000000e7300000|  0%| F|  |TAMS 0x00000000e7200000, 0x00000000e7200000| Untracked 
| 115|0x00000000e7300000, 0x00000000e7300000, 0x00000000e7400000|  0%| F|  |TAMS 0x00000000e7300000, 0x00000000e7300000| Untracked 
| 116|0x00000000e7400000, 0x00000000e7400000, 0x00000000e7500000|  0%| F|  |TAMS 0x00000000e7400000, 0x00000000e7400000| Untracked 
| 117|0x00000000e7500000, 0x00000000e7500000, 0x00000000e7600000|  0%| F|  |TAMS 0x00000000e7500000, 0x00000000e7500000| Untracked 
| 118|0x00000000e7600000, 0x00000000e7600000, 0x00000000e7700000|  0%| F|  |TAMS 0x00000000e7600000, 0x00000000e7600000| Untracked 
| 119|0x00000000e7700000, 0x00000000e7700000, 0x00000000e7800000|  0%| F|  |TAMS 0x00000000e7700000, 0x00000000e7700000| Untracked 
| 120|0x00000000e7800000, 0x00000000e7800000, 0x00000000e7900000|  0%| F|  |TAMS 0x00000000e7800000, 0x00000000e7800000| Untracked 
| 121|0x00000000e7900000, 0x00000000e7900000, 0x00000000e7a00000|  0%| F|  |TAMS 0x00000000e7900000, 0x00000000e7900000| Untracked 
| 122|0x00000000e7a00000, 0x00000000e7a00000, 0x00000000e7b00000|  0%| F|  |TAMS 0x00000000e7a00000, 0x00000000e7a00000| Untracked 
| 123|0x00000000e7b00000, 0x00000000e7b00000, 0x00000000e7c00000|  0%| F|  |TAMS 0x00000000e7b00000, 0x00000000e7b00000| Untracked 
| 124|0x00000000e7c00000, 0x00000000e7c00000, 0x00000000e7d00000|  0%| F|  |TAMS 0x00000000e7c00000, 0x00000000e7c00000| Untracked 
| 125|0x00000000e7d00000, 0x00000000e7d00000, 0x00000000e7e00000|  0%| F|  |TAMS 0x00000000e7d00000, 0x00000000e7d00000| Untracked 
| 126|0x00000000e7e00000, 0x00000000e7e00000, 0x00000000e7f00000|  0%| F|  |TAMS 0x00000000e7e00000, 0x00000000e7e00000| Untracked 
| 127|0x00000000e7f00000, 0x00000000e7f00000, 0x00000000e8000000|  0%| F|  |TAMS 0x00000000e7f00000, 0x00000000e7f00000| Untracked 
| 128|0x00000000e8000000, 0x00000000e8000000, 0x00000000e8100000|  0%| F|  |TAMS 0x00000000e8000000, 0x00000000e8000000| Untracked 
| 129|0x00000000e8100000, 0x00000000e8100000, 0x00000000e8200000|  0%| F|  |TAMS 0x00000000e8100000, 0x00000000e8100000| Untracked 
| 130|0x00000000e8200000, 0x00000000e8200000, 0x00000000e8300000|  0%| F|  |TAMS 0x00000000e8200000, 0x00000000e8200000| Untracked 
| 131|0x00000000e8300000, 0x00000000e8400000, 0x00000000e8400000|100%| S|CS|TAMS 0x00000000e8300000, 0x00000000e8300000| Complete 
| 132|0x00000000e8400000, 0x00000000e8500000, 0x00000000e8500000|100%| S|CS|TAMS 0x00000000e8400000, 0x00000000e8400000| Complete 
| 133|0x00000000e8500000, 0x00000000e8600000, 0x00000000e8600000|100%| S|CS|TAMS 0x00000000e8500000, 0x00000000e8500000| Complete 
| 134|0x00000000e8600000, 0x00000000e8700000, 0x00000000e8700000|100%| S|CS|TAMS 0x00000000e8600000, 0x00000000e8600000| Complete 
| 135|0x00000000e8700000, 0x00000000e8800000, 0x00000000e8800000|100%| S|CS|TAMS 0x00000000e8700000, 0x00000000e8700000| Complete 
| 136|0x00000000e8800000, 0x00000000e8900000, 0x00000000e8900000|100%| S|CS|TAMS 0x00000000e8800000, 0x00000000e8800000| Complete 
| 137|0x00000000e8900000, 0x00000000e8a00000, 0x00000000e8a00000|100%| S|CS|TAMS 0x00000000e8900000, 0x00000000e8900000| Complete 
| 138|0x00000000e8a00000, 0x00000000e8b00000, 0x00000000e8b00000|100%| S|CS|TAMS 0x00000000e8a00000, 0x00000000e8a00000| Complete 
| 139|0x00000000e8b00000, 0x00000000e8c00000, 0x00000000e8c00000|100%| S|CS|TAMS 0x00000000e8b00000, 0x00000000e8b00000| Complete 
| 140|0x00000000e8c00000, 0x00000000e8d00000, 0x00000000e8d00000|100%| S|CS|TAMS 0x00000000e8c00000, 0x00000000e8c00000| Complete 
| 141|0x00000000e8d00000, 0x00000000e8e00000, 0x00000000e8e00000|100%| S|CS|TAMS 0x00000000e8d00000, 0x00000000e8d00000| Complete 
| 142|0x00000000e8e00000, 0x00000000e8f00000, 0x00000000e8f00000|100%| S|CS|TAMS 0x00000000e8e00000, 0x00000000e8e00000| Complete 
| 143|0x00000000e8f00000, 0x00000000e9000000, 0x00000000e9000000|100%| S|CS|TAMS 0x00000000e8f00000, 0x00000000e8f00000| Complete 
| 144|0x00000000e9000000, 0x00000000e9100000, 0x00000000e9100000|100%| S|CS|TAMS 0x00000000e9000000, 0x00000000e9000000| Complete 
| 145|0x00000000e9100000, 0x00000000e9200000, 0x00000000e9200000|100%| S|CS|TAMS 0x00000000e9100000, 0x00000000e9100000| Complete 
| 146|0x00000000e9200000, 0x00000000e9300000, 0x00000000e9300000|100%| S|CS|TAMS 0x00000000e9200000, 0x00000000e9200000| Complete 
| 147|0x00000000e9300000, 0x00000000e9400000, 0x00000000e9400000|100%| S|CS|TAMS 0x00000000e9300000, 0x00000000e9300000| Complete 
| 148|0x00000000e9400000, 0x00000000e9500000, 0x00000000e9500000|100%| S|CS|TAMS 0x00000000e9400000, 0x00000000e9400000| Complete 
| 149|0x00000000e9500000, 0x00000000e9600000, 0x00000000e9600000|100%| S|CS|TAMS 0x00000000e9500000, 0x00000000e9500000| Complete 
| 150|0x00000000e9600000, 0x00000000e9700000, 0x00000000e9700000|100%| S|CS|TAMS 0x00000000e9600000, 0x00000000e9600000| Complete 
| 151|0x00000000e9700000, 0x00000000e9700000, 0x00000000e9800000|  0%| F|  |TAMS 0x00000000e9700000, 0x00000000e9700000| Untracked 
| 152|0x00000000e9800000, 0x00000000e9800000, 0x00000000e9900000|  0%| F|  |TAMS 0x00000000e9800000, 0x00000000e9800000| Untracked 
| 153|0x00000000e9900000, 0x00000000e9900000, 0x00000000e9a00000|  0%| F|  |TAMS 0x00000000e9900000, 0x00000000e9900000| Untracked 
| 154|0x00000000e9a00000, 0x00000000e9a00000, 0x00000000e9b00000|  0%| F|  |TAMS 0x00000000e9a00000, 0x00000000e9a00000| Untracked 
| 155|0x00000000e9b00000, 0x00000000e9b00000, 0x00000000e9c00000|  0%| F|  |TAMS 0x00000000e9b00000, 0x00000000e9b00000| Untracked 
| 156|0x00000000e9c00000, 0x00000000e9c00000, 0x00000000e9d00000|  0%| F|  |TAMS 0x00000000e9c00000, 0x00000000e9c00000| Untracked 
| 157|0x00000000e9d00000, 0x00000000e9d00000, 0x00000000e9e00000|  0%| F|  |TAMS 0x00000000e9d00000, 0x00000000e9d00000| Untracked 
| 158|0x00000000e9e00000, 0x00000000e9e00000, 0x00000000e9f00000|  0%| F|  |TAMS 0x00000000e9e00000, 0x00000000e9e00000| Untracked 
| 159|0x00000000e9f00000, 0x00000000e9f00000, 0x00000000ea000000|  0%| F|  |TAMS 0x00000000e9f00000, 0x00000000e9f00000| Untracked 
| 160|0x00000000ea000000, 0x00000000ea000000, 0x00000000ea100000|  0%| F|  |TAMS 0x00000000ea000000, 0x00000000ea000000| Untracked 
| 161|0x00000000ea100000, 0x00000000ea100000, 0x00000000ea200000|  0%| F|  |TAMS 0x00000000ea100000, 0x00000000ea100000| Untracked 
| 162|0x00000000ea200000, 0x00000000ea200000, 0x00000000ea300000|  0%| F|  |TAMS 0x00000000ea200000, 0x00000000ea200000| Untracked 
| 163|0x00000000ea300000, 0x00000000ea300000, 0x00000000ea400000|  0%| F|  |TAMS 0x00000000ea300000, 0x00000000ea300000| Untracked 
| 164|0x00000000ea400000, 0x00000000ea400000, 0x00000000ea500000|  0%| F|  |TAMS 0x00000000ea400000, 0x00000000ea400000| Untracked 
| 165|0x00000000ea500000, 0x00000000ea500000, 0x00000000ea600000|  0%| F|  |TAMS 0x00000000ea500000, 0x00000000ea500000| Untracked 
| 166|0x00000000ea600000, 0x00000000ea600000, 0x00000000ea700000|  0%| F|  |TAMS 0x00000000ea600000, 0x00000000ea600000| Untracked 
| 167|0x00000000ea700000, 0x00000000ea700000, 0x00000000ea800000|  0%| F|  |TAMS 0x00000000ea700000, 0x00000000ea700000| Untracked 
| 168|0x00000000ea800000, 0x00000000ea800000, 0x00000000ea900000|  0%| F|  |TAMS 0x00000000ea800000, 0x00000000ea800000| Untracked 
| 169|0x00000000ea900000, 0x00000000ea900000, 0x00000000eaa00000|  0%| F|  |TAMS 0x00000000ea900000, 0x00000000ea900000| Untracked 
| 170|0x00000000eaa00000, 0x00000000eaa00000, 0x00000000eab00000|  0%| F|  |TAMS 0x00000000eaa00000, 0x00000000eaa00000| Untracked 
| 171|0x00000000eab00000, 0x00000000eab00000, 0x00000000eac00000|  0%| F|  |TAMS 0x00000000eab00000, 0x00000000eab00000| Untracked 
| 172|0x00000000eac00000, 0x00000000eac00000, 0x00000000ead00000|  0%| F|  |TAMS 0x00000000eac00000, 0x00000000eac00000| Untracked 
| 173|0x00000000ead00000, 0x00000000ead00000, 0x00000000eae00000|  0%| F|  |TAMS 0x00000000ead00000, 0x00000000ead00000| Untracked 
| 174|0x00000000eae00000, 0x00000000eae00000, 0x00000000eaf00000|  0%| F|  |TAMS 0x00000000eae00000, 0x00000000eae00000| Untracked 
| 175|0x00000000eaf00000, 0x00000000eaf00000, 0x00000000eb000000|  0%| F|  |TAMS 0x00000000eaf00000, 0x00000000eaf00000| Untracked 
| 176|0x00000000eb000000, 0x00000000eb000000, 0x00000000eb100000|  0%| F|  |TAMS 0x00000000eb000000, 0x00000000eb000000| Untracked 
| 177|0x00000000eb100000, 0x00000000eb100000, 0x00000000eb200000|  0%| F|  |TAMS 0x00000000eb100000, 0x00000000eb100000| Untracked 
| 178|0x00000000eb200000, 0x00000000eb200000, 0x00000000eb300000|  0%| F|  |TAMS 0x00000000eb200000, 0x00000000eb200000| Untracked 
| 179|0x00000000eb300000, 0x00000000eb300000, 0x00000000eb400000|  0%| F|  |TAMS 0x00000000eb300000, 0x00000000eb300000| Untracked 
| 180|0x00000000eb400000, 0x00000000eb400000, 0x00000000eb500000|  0%| F|  |TAMS 0x00000000eb400000, 0x00000000eb400000| Untracked 
| 181|0x00000000eb500000, 0x00000000eb500000, 0x00000000eb600000|  0%| F|  |TAMS 0x00000000eb500000, 0x00000000eb500000| Untracked 
| 182|0x00000000eb600000, 0x00000000eb600000, 0x00000000eb700000|  0%| F|  |TAMS 0x00000000eb600000, 0x00000000eb600000| Untracked 
| 183|0x00000000eb700000, 0x00000000eb700000, 0x00000000eb800000|  0%| F|  |TAMS 0x00000000eb700000, 0x00000000eb700000| Untracked 
| 184|0x00000000eb800000, 0x00000000eb800000, 0x00000000eb900000|  0%| F|  |TAMS 0x00000000eb800000, 0x00000000eb800000| Untracked 
| 185|0x00000000eb900000, 0x00000000eb900000, 0x00000000eba00000|  0%| F|  |TAMS 0x00000000eb900000, 0x00000000eb900000| Untracked 
| 186|0x00000000eba00000, 0x00000000eba00000, 0x00000000ebb00000|  0%| F|  |TAMS 0x00000000eba00000, 0x00000000eba00000| Untracked 
| 187|0x00000000ebb00000, 0x00000000ebb00000, 0x00000000ebc00000|  0%| F|  |TAMS 0x00000000ebb00000, 0x00000000ebb00000| Untracked 
| 188|0x00000000ebc00000, 0x00000000ebc00000, 0x00000000ebd00000|  0%| F|  |TAMS 0x00000000ebc00000, 0x00000000ebc00000| Untracked 
| 189|0x00000000ebd00000, 0x00000000ebd00000, 0x00000000ebe00000|  0%| F|  |TAMS 0x00000000ebd00000, 0x00000000ebd00000| Untracked 
| 190|0x00000000ebe00000, 0x00000000ebe00000, 0x00000000ebf00000|  0%| F|  |TAMS 0x00000000ebe00000, 0x00000000ebe00000| Untracked 
| 191|0x00000000ebf00000, 0x00000000ebf00000, 0x00000000ec000000|  0%| F|  |TAMS 0x00000000ebf00000, 0x00000000ebf00000| Untracked 
| 192|0x00000000ec000000, 0x00000000ec000000, 0x00000000ec100000|  0%| F|  |TAMS 0x00000000ec000000, 0x00000000ec000000| Untracked 
| 193|0x00000000ec100000, 0x00000000ec100000, 0x00000000ec200000|  0%| F|  |TAMS 0x00000000ec100000, 0x00000000ec100000| Untracked 
| 194|0x00000000ec200000, 0x00000000ec200000, 0x00000000ec300000|  0%| F|  |TAMS 0x00000000ec200000, 0x00000000ec200000| Untracked 
| 195|0x00000000ec300000, 0x00000000ec300000, 0x00000000ec400000|  0%| F|  |TAMS 0x00000000ec300000, 0x00000000ec300000| Untracked 
| 196|0x00000000ec400000, 0x00000000ec400000, 0x00000000ec500000|  0%| F|  |TAMS 0x00000000ec400000, 0x00000000ec400000| Untracked 
| 197|0x00000000ec500000, 0x00000000ec500000, 0x00000000ec600000|  0%| F|  |TAMS 0x00000000ec500000, 0x00000000ec500000| Untracked 
| 198|0x00000000ec600000, 0x00000000ec600000, 0x00000000ec700000|  0%| F|  |TAMS 0x00000000ec600000, 0x00000000ec600000| Untracked 
| 199|0x00000000ec700000, 0x00000000ec700000, 0x00000000ec800000|  0%| F|  |TAMS 0x00000000ec700000, 0x00000000ec700000| Untracked 
| 200|0x00000000ec800000, 0x00000000ec800000, 0x00000000ec900000|  0%| F|  |TAMS 0x00000000ec800000, 0x00000000ec800000| Untracked 
| 201|0x00000000ec900000, 0x00000000ec900000, 0x00000000eca00000|  0%| F|  |TAMS 0x00000000ec900000, 0x00000000ec900000| Untracked 
| 202|0x00000000eca00000, 0x00000000eca00000, 0x00000000ecb00000|  0%| F|  |TAMS 0x00000000eca00000, 0x00000000eca00000| Untracked 
| 203|0x00000000ecb00000, 0x00000000ecb00000, 0x00000000ecc00000|  0%| F|  |TAMS 0x00000000ecb00000, 0x00000000ecb00000| Untracked 
| 204|0x00000000ecc00000, 0x00000000ecc00000, 0x00000000ecd00000|  0%| F|  |TAMS 0x00000000ecc00000, 0x00000000ecc00000| Untracked 
| 205|0x00000000ecd00000, 0x00000000ecd00000, 0x00000000ece00000|  0%| F|  |TAMS 0x00000000ecd00000, 0x00000000ecd00000| Untracked 
| 206|0x00000000ece00000, 0x00000000ece00000, 0x00000000ecf00000|  0%| F|  |TAMS 0x00000000ece00000, 0x00000000ece00000| Untracked 
| 207|0x00000000ecf00000, 0x00000000ecf00000, 0x00000000ed000000|  0%| F|  |TAMS 0x00000000ecf00000, 0x00000000ecf00000| Untracked 
| 208|0x00000000ed000000, 0x00000000ed000000, 0x00000000ed100000|  0%| F|  |TAMS 0x00000000ed000000, 0x00000000ed000000| Untracked 
| 209|0x00000000ed100000, 0x00000000ed100000, 0x00000000ed200000|  0%| F|  |TAMS 0x00000000ed100000, 0x00000000ed100000| Untracked 
| 210|0x00000000ed200000, 0x00000000ed200000, 0x00000000ed300000|  0%| F|  |TAMS 0x00000000ed200000, 0x00000000ed200000| Untracked 
| 211|0x00000000ed300000, 0x00000000ed300000, 0x00000000ed400000|  0%| F|  |TAMS 0x00000000ed300000, 0x00000000ed300000| Untracked 
| 212|0x00000000ed400000, 0x00000000ed400000, 0x00000000ed500000|  0%| F|  |TAMS 0x00000000ed400000, 0x00000000ed400000| Untracked 
| 213|0x00000000ed500000, 0x00000000ed500000, 0x00000000ed600000|  0%| F|  |TAMS 0x00000000ed500000, 0x00000000ed500000| Untracked 
| 214|0x00000000ed600000, 0x00000000ed600000, 0x00000000ed700000|  0%| F|  |TAMS 0x00000000ed600000, 0x00000000ed600000| Untracked 
| 215|0x00000000ed700000, 0x00000000ed700000, 0x00000000ed800000|  0%| F|  |TAMS 0x00000000ed700000, 0x00000000ed700000| Untracked 
| 216|0x00000000ed800000, 0x00000000ed800000, 0x00000000ed900000|  0%| F|  |TAMS 0x00000000ed800000, 0x00000000ed800000| Untracked 
| 217|0x00000000ed900000, 0x00000000ed900000, 0x00000000eda00000|  0%| F|  |TAMS 0x00000000ed900000, 0x00000000ed900000| Untracked 
| 218|0x00000000eda00000, 0x00000000eda00000, 0x00000000edb00000|  0%| F|  |TAMS 0x00000000eda00000, 0x00000000eda00000| Untracked 
| 219|0x00000000edb00000, 0x00000000edb00000, 0x00000000edc00000|  0%| F|  |TAMS 0x00000000edb00000, 0x00000000edb00000| Untracked 
| 220|0x00000000edc00000, 0x00000000edc00000, 0x00000000edd00000|  0%| F|  |TAMS 0x00000000edc00000, 0x00000000edc00000| Untracked 
| 221|0x00000000edd00000, 0x00000000edd00000, 0x00000000ede00000|  0%| F|  |TAMS 0x00000000edd00000, 0x00000000edd00000| Untracked 
| 222|0x00000000ede00000, 0x00000000edf00000, 0x00000000edf00000|100%| E|  |TAMS 0x00000000ede00000, 0x00000000ede00000| Complete 
| 223|0x00000000edf00000, 0x00000000ee000000, 0x00000000ee000000|100%| E|CS|TAMS 0x00000000edf00000, 0x00000000edf00000| Complete 
| 224|0x00000000ee000000, 0x00000000ee100000, 0x00000000ee100000|100%| E|CS|TAMS 0x00000000ee000000, 0x00000000ee000000| Complete 
| 225|0x00000000ee100000, 0x00000000ee200000, 0x00000000ee200000|100%| E|CS|TAMS 0x00000000ee100000, 0x00000000ee100000| Complete 
| 226|0x00000000ee200000, 0x00000000ee300000, 0x00000000ee300000|100%| E|CS|TAMS 0x00000000ee200000, 0x00000000ee200000| Complete 
| 227|0x00000000ee300000, 0x00000000ee400000, 0x00000000ee400000|100%| E|CS|TAMS 0x00000000ee300000, 0x00000000ee300000| Complete 
| 228|0x00000000ee400000, 0x00000000ee500000, 0x00000000ee500000|100%| E|CS|TAMS 0x00000000ee400000, 0x00000000ee400000| Complete 
| 229|0x00000000ee500000, 0x00000000ee600000, 0x00000000ee600000|100%| E|CS|TAMS 0x00000000ee500000, 0x00000000ee500000| Complete 
| 230|0x00000000ee600000, 0x00000000ee700000, 0x00000000ee700000|100%| E|CS|TAMS 0x00000000ee600000, 0x00000000ee600000| Complete 
| 231|0x00000000ee700000, 0x00000000ee800000, 0x00000000ee800000|100%| E|CS|TAMS 0x00000000ee700000, 0x00000000ee700000| Complete 
| 232|0x00000000ee800000, 0x00000000ee900000, 0x00000000ee900000|100%| E|CS|TAMS 0x00000000ee800000, 0x00000000ee800000| Complete 
| 233|0x00000000ee900000, 0x00000000eea00000, 0x00000000eea00000|100%| E|CS|TAMS 0x00000000ee900000, 0x00000000ee900000| Complete 
| 234|0x00000000eea00000, 0x00000000eeb00000, 0x00000000eeb00000|100%| E|CS|TAMS 0x00000000eea00000, 0x00000000eea00000| Complete 
| 235|0x00000000eeb00000, 0x00000000eec00000, 0x00000000eec00000|100%| E|CS|TAMS 0x00000000eeb00000, 0x00000000eeb00000| Complete 
| 236|0x00000000eec00000, 0x00000000eed00000, 0x00000000eed00000|100%| E|CS|TAMS 0x00000000eec00000, 0x00000000eec00000| Complete 
| 237|0x00000000eed00000, 0x00000000eee00000, 0x00000000eee00000|100%| E|CS|TAMS 0x00000000eed00000, 0x00000000eed00000| Complete 
| 238|0x00000000eee00000, 0x00000000eef00000, 0x00000000eef00000|100%| E|CS|TAMS 0x00000000eee00000, 0x00000000eee00000| Complete 
| 239|0x00000000eef00000, 0x00000000ef000000, 0x00000000ef000000|100%| E|CS|TAMS 0x00000000eef00000, 0x00000000eef00000| Complete 
| 240|0x00000000ef000000, 0x00000000ef100000, 0x00000000ef100000|100%| E|CS|TAMS 0x00000000ef000000, 0x00000000ef000000| Complete 
| 241|0x00000000ef100000, 0x00000000ef200000, 0x00000000ef200000|100%| E|CS|TAMS 0x00000000ef100000, 0x00000000ef100000| Complete 
| 242|0x00000000ef200000, 0x00000000ef300000, 0x00000000ef300000|100%| E|CS|TAMS 0x00000000ef200000, 0x00000000ef200000| Complete 
| 243|0x00000000ef300000, 0x00000000ef400000, 0x00000000ef400000|100%| E|CS|TAMS 0x00000000ef300000, 0x00000000ef300000| Complete 
| 244|0x00000000ef400000, 0x00000000ef500000, 0x00000000ef500000|100%| E|CS|TAMS 0x00000000ef400000, 0x00000000ef400000| Complete 
| 245|0x00000000ef500000, 0x00000000ef600000, 0x00000000ef600000|100%| E|CS|TAMS 0x00000000ef500000, 0x00000000ef500000| Complete 
| 246|0x00000000ef600000, 0x00000000ef700000, 0x00000000ef700000|100%| E|CS|TAMS 0x00000000ef600000, 0x00000000ef600000| Complete 
| 247|0x00000000ef700000, 0x00000000ef800000, 0x00000000ef800000|100%| E|CS|TAMS 0x00000000ef700000, 0x00000000ef700000| Complete 
| 248|0x00000000ef800000, 0x00000000ef900000, 0x00000000ef900000|100%| E|CS|TAMS 0x00000000ef800000, 0x00000000ef800000| Complete 
| 249|0x00000000ef900000, 0x00000000efa00000, 0x00000000efa00000|100%| E|CS|TAMS 0x00000000ef900000, 0x00000000ef900000| Complete 
| 250|0x00000000efa00000, 0x00000000efb00000, 0x00000000efb00000|100%| E|CS|TAMS 0x00000000efa00000, 0x00000000efa00000| Complete 
| 251|0x00000000efb00000, 0x00000000efc00000, 0x00000000efc00000|100%| E|CS|TAMS 0x00000000efb00000, 0x00000000efb00000| Complete 
| 252|0x00000000efc00000, 0x00000000efd00000, 0x00000000efd00000|100%| E|CS|TAMS 0x00000000efc00000, 0x00000000efc00000| Complete 
| 253|0x00000000efd00000, 0x00000000efe00000, 0x00000000efe00000|100%| E|CS|TAMS 0x00000000efd00000, 0x00000000efd00000| Complete 
| 254|0x00000000efe00000, 0x00000000eff00000, 0x00000000eff00000|100%| E|CS|TAMS 0x00000000efe00000, 0x00000000efe00000| Complete 
| 255|0x00000000eff00000, 0x00000000f0000000, 0x00000000f0000000|100%| E|  |TAMS 0x00000000eff00000, 0x00000000eff00000| Complete 

Card table byte_map: [0x000001bbbc250000,0x000001bbbc350000] _byte_map_base: 0x000001bbbbb50000

Marking Bits (Prev, Next): (CMBitMap*) 0x000001bba5591470, (CMBitMap*) 0x000001bba5591430
 Prev Bits: [0x000001bbbcc50000, 0x000001bbbd450000)
 Next Bits: [0x000001bbbc450000, 0x000001bbbcc50000)

Polling page: 0x000001bba3510000

Metaspace:

Usage:
  Non-class:     53.77 MB used.
      Class:      8.65 MB used.
       Both:     62.42 MB used.

Virtual space:
  Non-class space:       64.00 MB reserved,      54.12 MB ( 85%) committed,  1 nodes.
      Class space:      320.00 MB reserved,       8.94 MB (  3%) committed,  1 nodes.
             Both:      384.00 MB reserved,      63.06 MB ( 16%) committed. 

Chunk freelists:
   Non-Class:  9.17 MB
       Class:  7.05 MB
        Both:  16.22 MB

MaxMetaspaceSize: 384.00 MB
CompressedClassSpaceSize: 320.00 MB
Initial GC threshold: 21.00 MB
Current GC threshold: 99.69 MB
CDS: on
MetaspaceReclaimPolicy: balanced
 - commit_granule_bytes: 65536.
 - commit_granule_words: 8192.
 - virtual_space_node_default_size: 8388608.
 - enlarge_chunks_in_place: 1.
 - new_chunks_are_fully_committed: 0.
 - uncommit_free_chunks: 1.
 - use_allocation_guard: 0.
 - handle_deallocations: 1.


Internal statistics:

num_allocs_failed_limit: 15.
num_arena_births: 720.
num_arena_deaths: 0.
num_vsnodes_births: 2.
num_vsnodes_deaths: 0.
num_space_committed: 1009.
num_space_uncommitted: 0.
num_chunks_returned_to_freelist: 15.
num_chunks_taken_from_freelist: 3387.
num_chunk_merges: 15.
num_chunk_splits: 2214.
num_chunks_enlarged: 1480.
num_inconsistent_stats: 0.

CodeHeap 'non-profiled nmethods': size=120000Kb used=5715Kb max_used=5715Kb free=114284Kb
 bounds [0x000001bbb48f0000, 0x000001bbb4e90000, 0x000001bbbbe20000]
CodeHeap 'profiled nmethods': size=120000Kb used=18200Kb max_used=18200Kb free=101799Kb
 bounds [0x000001bbace20000, 0x000001bbadff0000, 0x000001bbb4350000]
CodeHeap 'non-nmethods': size=5760Kb used=2362Kb max_used=2435Kb free=3397Kb
 bounds [0x000001bbb4350000, 0x000001bbb45c0000, 0x000001bbb48f0000]
 total_blobs=10070 nmethods=9197 adapters=785
 compilation: enabled
              stopped_count=0, restarted_count=0
 full_count=0

Compilation events (20 events):
Event: 19.390 Thread 0x000001bbd900cde0 9916       3       java.time.LocalDateTime::of (30 bytes)
Event: 19.391 Thread 0x000001bbd900cde0 nmethod 9916 0x000001bbadfd2b10 code [0x000001bbadfd2d40, 0x000001bbadfd3388]
Event: 19.391 Thread 0x000001bbd900cde0 9917       3       java.time.LocalTime::of (51 bytes)
Event: 19.391 Thread 0x000001bbd900cde0 nmethod 9917 0x000001bbadfd3710 code [0x000001bbadfd3920, 0x000001bbadfd3e48]
Event: 19.391 Thread 0x000001bbd900cde0 9918       3       java.time.ZoneId::systemDefault (7 bytes)
Event: 19.392 Thread 0x000001bbd900cde0 nmethod 9918 0x000001bbadfd4190 code [0x000001bbadfd43a0, 0x000001bbadfd49d8]
Event: 19.392 Thread 0x000001bbd900cde0 9919       3       java.time.zone.ZoneRules::getOffset (26 bytes)
Event: 19.392 Thread 0x000001bbd900cde0 nmethod 9919 0x000001bbadfd4c10 code [0x000001bbadfd4de0, 0x000001bbadfd5288]
Event: 19.401 Thread 0x000001bbd900cde0 9921       3       java.nio.file.Files::newByteChannel (36 bytes)
Event: 19.402 Thread 0x000001bbd900cde0 nmethod 9921 0x000001bbadfd5390 code [0x000001bbadfd55c0, 0x000001bbadfd5f58]
Event: 19.407 Thread 0x000001bbd900cde0 9922   !   3       jdk.nio.zipfs.ZipFileSystem::readFullyAt (67 bytes)
Event: 19.408 Thread 0x000001bbd900cde0 nmethod 9922 0x000001bbadfd6290 code [0x000001bbadfd6480, 0x000001bbadfd6aa8]
Event: 19.408 Thread 0x000001bbd900cde0 9923   !   3       sun.nio.ch.FileChannelImpl::read (106 bytes)
Event: 19.409 Thread 0x000001bbd900cde0 nmethod 9923 0x000001bbadfd6d90 code [0x000001bbadfd6fe0, 0x000001bbadfd7918]
Event: 19.409 Thread 0x000001bbd900cde0 9924   !   3       sun.nio.ch.FileChannelImpl::readInternal (253 bytes)
Event: 19.410 Thread 0x000001bbd900cde0 nmethod 9924 0x000001bbadfd7c10 code [0x000001bbadfd7ea0, 0x000001bbadfd89e8]
Event: 19.425 Thread 0x000001bbd900cde0 9926       3       jdk.nio.zipfs.ZipFileSystem$$Lambda$1783/0x000001bbc1882c48::apply (12 bytes)
Event: 19.426 Thread 0x000001bbd900cde0 nmethod 9926 0x000001bbadfd8f10 code [0x000001bbadfd90e0, 0x000001bbadfd9598]
Event: 19.426 Thread 0x000001bbd900cde0 9927       3       jdk.nio.zipfs.ZipFileSystem::lambda$createVersionedLinks$14 (22 bytes)
Event: 19.426 Thread 0x000001bbd900cde0 nmethod 9927 0x000001bbadfd9710 code [0x000001bbadfd98c0, 0x000001bbadfd9bf8]

GC Heap History (20 events):
Event: 0.420 GC heap before
{Heap before GC invocations=0 (full 0):
 garbage-first heap   total 262144K, used 22528K [0x00000000e0000000, 0x0000000100000000)
  region size 1024K, 23 young (23552K), 0 survivors (0K)
 Metaspace       used 968K, committed 1088K, reserved 393216K
  class space    used 71K, committed 128K, reserved 327680K
}
Event: 0.423 GC heap after
{Heap after GC invocations=1 (full 0):
 garbage-first heap   total 262144K, used 1839K [0x00000000e0000000, 0x0000000100000000)
  region size 1024K, 2 young (2048K), 2 survivors (2048K)
 Metaspace       used 968K, committed 1088K, reserved 393216K
  class space    used 71K, committed 128K, reserved 327680K
}
Event: 1.280 GC heap before
{Heap before GC invocations=1 (full 0):
 garbage-first heap   total 262144K, used 38703K [0x00000000e0000000, 0x0000000100000000)
  region size 1024K, 36 young (36864K), 2 survivors (2048K)
 Metaspace       used 4369K, committed 4544K, reserved 393216K
  class space    used 550K, committed 640K, reserved 327680K
}
Event: 1.284 GC heap after
{Heap after GC invocations=2 (full 0):
 garbage-first heap   total 262144K, used 10838K [0x00000000e0000000, 0x0000000100000000)
  region size 1024K, 5 young (5120K), 5 survivors (5120K)
 Metaspace       used 4369K, committed 4544K, reserved 393216K
  class space    used 550K, committed 640K, reserved 327680K
}
Event: 2.313 GC heap before
{Heap before GC invocations=2 (full 0):
 garbage-first heap   total 262144K, used 71254K [0x00000000e0000000, 0x0000000100000000)
  region size 1024K, 62 young (63488K), 5 survivors (5120K)
 Metaspace       used 6311K, committed 6528K, reserved 393216K
  class space    used 841K, committed 960K, reserved 327680K
}
Event: 2.320 GC heap after
{Heap after GC invocations=3 (full 0):
 garbage-first heap   total 262144K, used 17850K [0x00000000e0000000, 0x0000000100000000)
  region size 1024K, 6 young (6144K), 6 survivors (6144K)
 Metaspace       used 6311K, committed 6528K, reserved 393216K
  class space    used 841K, committed 960K, reserved 327680K
}
Event: 5.272 GC heap before
{Heap before GC invocations=3 (full 0):
 garbage-first heap   total 262144K, used 118202K [0x00000000e0000000, 0x0000000100000000)
  region size 1024K, 105 young (107520K), 6 survivors (6144K)
 Metaspace       used 21136K, committed 21504K, reserved 393216K
  class space    used 3069K, committed 3264K, reserved 327680K
}
Event: 5.282 GC heap after
{Heap after GC invocations=4 (full 0):
 garbage-first heap   total 262144K, used 23862K [0x00000000e0000000, 0x0000000100000000)
  region size 1024K, 12 young (12288K), 12 survivors (12288K)
 Metaspace       used 21136K, committed 21504K, reserved 393216K
  class space    used 3069K, committed 3264K, reserved 327680K
}
Event: 8.794 GC heap before
{Heap before GC invocations=5 (full 0):
 garbage-first heap   total 262144K, used 143670K [0x00000000e0000000, 0x0000000100000000)
  region size 1024K, 131 young (134144K), 12 survivors (12288K)
 Metaspace       used 35558K, committed 35968K, reserved 393216K
  class space    used 5038K, committed 5248K, reserved 327680K
}
Event: 8.812 GC heap after
{Heap after GC invocations=6 (full 0):
 garbage-first heap   total 262144K, used 32375K [0x00000000e0000000, 0x0000000100000000)
  region size 1024K, 15 young (15360K), 15 survivors (15360K)
 Metaspace       used 35558K, committed 35968K, reserved 393216K
  class space    used 5038K, committed 5248K, reserved 327680K
}
Event: 8.846 GC heap before
{Heap before GC invocations=6 (full 0):
 garbage-first heap   total 262144K, used 33399K [0x00000000e0000000, 0x0000000100000000)
  region size 1024K, 16 young (16384K), 15 survivors (15360K)
 Metaspace       used 35704K, committed 36096K, reserved 393216K
  class space    used 5061K, committed 5248K, reserved 327680K
}
Event: 8.855 GC heap after
{Heap after GC invocations=7 (full 0):
 garbage-first heap   total 262144K, used 33066K [0x00000000e0000000, 0x0000000100000000)
  region size 1024K, 2 young (2048K), 2 survivors (2048K)
 Metaspace       used 35704K, committed 36096K, reserved 393216K
  class space    used 5061K, committed 5248K, reserved 327680K
}
Event: 8.915 GC heap before
{Heap before GC invocations=7 (full 0):
 garbage-first heap   total 262144K, used 35114K [0x00000000e0000000, 0x0000000100000000)
  region size 1024K, 5 young (5120K), 2 survivors (2048K)
 Metaspace       used 35910K, committed 36288K, reserved 393216K
  class space    used 5102K, committed 5312K, reserved 327680K
}
Event: 8.916 GC heap after
{Heap after GC invocations=8 (full 0):
 garbage-first heap   total 262144K, used 31561K [0x00000000e0000000, 0x0000000100000000)
  region size 1024K, 1 young (1024K), 1 survivors (1024K)
 Metaspace       used 35910K, committed 36288K, reserved 393216K
  class space    used 5102K, committed 5312K, reserved 327680K
}
Event: 12.603 GC heap before
{Heap before GC invocations=9 (full 0):
 garbage-first heap   total 262144K, used 193353K [0x00000000e0000000, 0x0000000100000000)
  region size 1024K, 153 young (156672K), 1 survivors (1024K)
 Metaspace       used 49961K, committed 50496K, reserved 393216K
  class space    used 7095K, committed 7360K, reserved 327680K
}
Event: 12.612 GC heap after
{Heap after GC invocations=10 (full 0):
 garbage-first heap   total 262144K, used 40301K [0x00000000e0000000, 0x0000000100000000)
  region size 1024K, 10 young (10240K), 10 survivors (10240K)
 Metaspace       used 49961K, committed 50496K, reserved 393216K
  class space    used 7095K, committed 7360K, reserved 327680K
}
Event: 16.389 GC heap before
{Heap before GC invocations=10 (full 0):
 garbage-first heap   total 262144K, used 186733K [0x00000000e0000000, 0x0000000100000000)
  region size 1024K, 153 young (156672K), 10 survivors (10240K)
 Metaspace       used 54728K, committed 55296K, reserved 393216K
  class space    used 7579K, committed 7808K, reserved 327680K
}
Event: 16.401 GC heap after
{Heap after GC invocations=11 (full 0):
 garbage-first heap   total 262144K, used 46530K [0x00000000e0000000, 0x0000000100000000)
  region size 1024K, 16 young (16384K), 16 survivors (16384K)
 Metaspace       used 54728K, committed 55296K, reserved 393216K
  class space    used 7579K, committed 7808K, reserved 327680K
}
Event: 18.671 GC heap before
{Heap before GC invocations=11 (full 0):
 garbage-first heap   total 262144K, used 152002K [0x00000000e0000000, 0x0000000100000000)
  region size 1024K, 121 young (123904K), 16 survivors (16384K)
 Metaspace       used 59991K, committed 60608K, reserved 393216K
  class space    used 8406K, committed 8640K, reserved 327680K
}
Event: 18.696 GC heap after
{Heap after GC invocations=12 (full 0):
 garbage-first heap   total 262144K, used 61495K [0x00000000e0000000, 0x0000000100000000)
  region size 1024K, 20 young (20480K), 20 survivors (20480K)
 Metaspace       used 59991K, committed 60608K, reserved 393216K
  class space    used 8406K, committed 8640K, reserved 327680K
}

Deoptimization events (20 events):
Event: 19.357 Thread 0x000001bbde448f60 DEOPT PACKING pc=0x000001bbadfbee03 sp=0x00000067b12f8610
Event: 19.357 Thread 0x000001bbde448f60 DEOPT UNPACKING pc=0x000001bbb43a66e3 sp=0x00000067b12f7ac8 mode 0
Event: 19.377 Thread 0x000001bbde448f60 Uncommon trap: trap_request=0xffffffbe fr.pc=0x000001bbb4e7fec0 relative=0x00000000000001a0
Event: 19.377 Thread 0x000001bbde448f60 Uncommon trap: reason=profile_predicate action=maybe_recompile pc=0x000001bbb4e7fec0 method=java.util.LinkedHashMap.valuesToArray([Ljava/lang/Object;)[Ljava/lang/Object; @ 12 c2
Event: 19.377 Thread 0x000001bbde448f60 DEOPT PACKING pc=0x000001bbb4e7fec0 sp=0x00000067b12f8530
Event: 19.377 Thread 0x000001bbde448f60 DEOPT UNPACKING pc=0x000001bbb43a5ba3 sp=0x00000067b12f84e8 mode 2
Event: 19.384 Thread 0x000001bbde448f60 Uncommon trap: trap_request=0xffffffbe fr.pc=0x000001bbb4e7fec0 relative=0x00000000000001a0
Event: 19.384 Thread 0x000001bbde448f60 Uncommon trap: reason=profile_predicate action=maybe_recompile pc=0x000001bbb4e7fec0 method=java.util.LinkedHashMap.valuesToArray([Ljava/lang/Object;)[Ljava/lang/Object; @ 12 c2
Event: 19.384 Thread 0x000001bbde448f60 DEOPT PACKING pc=0x000001bbb4e7fec0 sp=0x00000067b12f8530
Event: 19.384 Thread 0x000001bbde448f60 DEOPT UNPACKING pc=0x000001bbb43a5ba3 sp=0x00000067b12f84e8 mode 2
Event: 19.392 Thread 0x000001bbde448f60 Uncommon trap: trap_request=0xffffffbe fr.pc=0x000001bbb4e7fec0 relative=0x00000000000001a0
Event: 19.392 Thread 0x000001bbde448f60 Uncommon trap: reason=profile_predicate action=maybe_recompile pc=0x000001bbb4e7fec0 method=java.util.LinkedHashMap.valuesToArray([Ljava/lang/Object;)[Ljava/lang/Object; @ 12 c2
Event: 19.392 Thread 0x000001bbde448f60 DEOPT PACKING pc=0x000001bbb4e7fec0 sp=0x00000067b12f8530
Event: 19.392 Thread 0x000001bbde448f60 DEOPT UNPACKING pc=0x000001bbb43a5ba3 sp=0x00000067b12f84e8 mode 2
Event: 19.397 Thread 0x000001bbde448f60 Uncommon trap: trap_request=0xffffffbe fr.pc=0x000001bbb4e7fec0 relative=0x00000000000001a0
Event: 19.397 Thread 0x000001bbde448f60 Uncommon trap: reason=profile_predicate action=maybe_recompile pc=0x000001bbb4e7fec0 method=java.util.LinkedHashMap.valuesToArray([Ljava/lang/Object;)[Ljava/lang/Object; @ 12 c2
Event: 19.398 Thread 0x000001bbde448f60 DEOPT PACKING pc=0x000001bbb4e7fec0 sp=0x00000067b12f8530
Event: 19.398 Thread 0x000001bbde448f60 DEOPT UNPACKING pc=0x000001bbb43a5ba3 sp=0x00000067b12f84e8 mode 2
Event: 19.419 Thread 0x000001bbde448f60 DEOPT PACKING pc=0x000001bbad25e3df sp=0x00000067b12f81c0
Event: 19.419 Thread 0x000001bbde448f60 DEOPT UNPACKING pc=0x000001bbb43a66e3 sp=0x00000067b12f7750 mode 0

Classes unloaded (0 events):
No events

Classes redefined (0 events):
No events

Internal exceptions (20 events):
Event: 14.162 Thread 0x000001bbdadbf2a0 Exception <a 'java/lang/ClassNotFoundException'{0x00000000eda137b8}: org/gradle/api/plugins/JavaPluginConventionBeanInfo> (0x00000000eda137b8) 
thrown [s\open\src\hotspot\share\classfile\systemDictionary.cpp, line 256]
Event: 14.163 Thread 0x000001bbdadbf2a0 Exception <a 'java/lang/ClassNotFoundException'{0x00000000eda249c0}: org/gradle/api/plugins/JavaPluginConventionCustomizer> (0x00000000eda249c0) 
thrown [s\open\src\hotspot\share\classfile\systemDictionary.cpp, line 256]
Event: 14.164 Thread 0x000001bbdadbf2a0 Exception <a 'java/lang/ClassNotFoundException'{0x00000000eda49fc0}: org/gradle/api/plugins/internal/NaggingJavaPluginConventionCustomizer> (0x00000000eda49fc0) 
thrown [s\open\src\hotspot\share\classfile\systemDictionary.cpp, line 256]
Event: 14.906 Thread 0x000001bbdadbf2a0 Exception <a 'java/lang/NoSuchMethodError'{0x00000000eb811b50}: 'void java.lang.invoke.DirectMethodHandle$Holder.invokeVirtual(java.lang.Object, java.lang.Object, java.lang.Object, java.lang.Object)'> (0x00000000eb811b50) 
thrown [s\open\src\hotspot\share\interpreter\linkResolver.cpp, line 759]
Event: 16.453 Thread 0x000001bbde44a3a0 Exception <a 'java/lang/NoSuchMethodError'{0x00000000efed1760}: 'java.lang.Object java.lang.invoke.DirectMethodHandle$Holder.newInvokeSpecial(java.lang.Object, java.lang.Object, int, java.lang.Object, java.lang.Object)'> (0x00000000efed1760) 
thrown [s\open\src\hotspot\share\interpreter\linkResolver.cpp, line 759]
Event: 16.489 Thread 0x000001bbde448f60 Exception <a 'java/lang/NoSuchMethodError'{0x00000000efc6d630}: 'void java.lang.invoke.DirectMethodHandle$Holder.invokeSpecial(java.lang.Object, java.lang.Object, java.lang.Object, java.lang.Object, int, java.lang.Object, java.lang.Object)'> (0x00000000efc6d630) 
thrown [s\open\src\hotspot\share\interpreter\linkResolver.cpp, line 759]
Event: 16.509 Thread 0x000001bbde448f60 Exception <a 'java/lang/NoSuchMethodError'{0x00000000efcfd3c0}: 'void java.lang.invoke.DirectMethodHandle$Holder.invokeInterface(java.lang.Object, java.lang.Object, java.lang.Object, java.lang.Object)'> (0x00000000efcfd3c0) 
thrown [s\open\src\hotspot\share\interpreter\linkResolver.cpp, line 759]
Event: 16.789 Thread 0x000001bbde448f60 Exception <a 'java/lang/IncompatibleClassChangeError'{0x00000000ef5679c0}: Found class java.lang.Object, but interface was expected> (0x00000000ef5679c0) 
thrown [s\open\src\hotspot\share\interpreter\linkResolver.cpp, line 826]
Event: 16.800 Thread 0x000001bbde448f60 Exception <a 'java/lang/NoSuchMethodError'{0x00000000ef58cfe8}: static Ljava/lang/Object;.<clinit>()V> (0x00000000ef58cfe8) 
thrown [s\open\src\hotspot\share\prims\jni.cpp, line 1112]
Event: 16.959 Thread 0x000001bbde448f60 Exception <a 'java/lang/NoSuchMethodError'{0x00000000eee310c8}: 'int java.lang.invoke.DirectMethodHandle$Holder.invokeStaticInit(java.lang.Object, java.lang.Object, java.lang.Object, java.lang.Object, java.lang.Object)'> (0x00000000eee310c8) 
thrown [s\open\src\hotspot\share\interpreter\linkResolver.cpp, line 759]
Event: 17.788 Thread 0x000001bbde448f60 Exception <a 'java/lang/IncompatibleClassChangeError'{0x00000000ea25b4e0}: Found class java.lang.Object, but interface was expected> (0x00000000ea25b4e0) 
thrown [s\open\src\hotspot\share\interpreter\linkResolver.cpp, line 826]
Event: 17.825 Thread 0x000001bbde448f60 Exception <a 'sun/nio/fs/WindowsException'{0x00000000ea2d3370}> (0x00000000ea2d3370) 
thrown [s\open\src\hotspot\share\prims\jni.cpp, line 516]
Event: 17.846 Thread 0x000001bbde448f60 Exception <a 'java/lang/NoSuchMethodError'{0x00000000ea157430}: 'java.lang.Object java.lang.invoke.DirectMethodHandle$Holder.newInvokeSpecial(java.lang.Object, java.lang.Object, int, java.lang.Object, java.lang.Object, java.lang.Object, java.lang.Object)'> (0x00000000ea157430) 
thrown [s\open\src\hotspot\share\interpreter\linkResolver.cpp, line 759]
Event: 17.847 Thread 0x000001bbde448f60 Exception <a 'java/lang/NoSuchMethodError'{0x00000000ea160ee8}: 'java.lang.Object java.lang.invoke.Invokers$Holder.linkToTargetMethod(java.lang.Object, int, java.lang.Object, java.lang.Object, java.lang.Object, java.lang.Object, java.lang.Object)'> (0x00000000ea160ee8) 
thrown [s\open\src\hotspot\share\interpreter\linkResolver.cpp, line 759]
Event: 18.318 Thread 0x000001bbde448f60 Implicit null exception at 0x000001bbb4b2e76d to 0x000001bbb4b2f014
Event: 18.941 Thread 0x000001bbde448f60 Exception <a 'sun/nio/fs/WindowsException'{0x00000000efa6f010}> (0x00000000efa6f010) 
thrown [s\open\src\hotspot\share\prims\jni.cpp, line 516]
Event: 18.941 Thread 0x000001bbde448f60 Exception <a 'sun/nio/fs/WindowsException'{0x00000000efa6f3c0}> (0x00000000efa6f3c0) 
thrown [s\open\src\hotspot\share\prims\jni.cpp, line 516]
Event: 18.973 Thread 0x000001bbde448f60 Exception <a 'java/lang/NoSuchMethodError'{0x00000000ef921fb0}: 'java.lang.Object java.lang.invoke.DirectMethodHandle$Holder.invokeVirtual(java.lang.Object, java.lang.Object, java.lang.Object, int, int)'> (0x00000000ef921fb0) 
thrown [s\open\src\hotspot\share\interpreter\linkResolver.cpp, line 759]
Event: 19.014 Thread 0x000001bbde448f60 Implicit null exception at 0x000001bbb4afbf8c to 0x000001bbb4afc0c2
Event: 19.243 Thread 0x000001bbde448f60 Implicit null exception at 0x000001bbb4e6a529 to 0x000001bbb4e6b4d2

VM Operations (20 events):
Event: 16.821 Executing VM operation: ICBufferFull
Event: 16.821 Executing VM operation: ICBufferFull done
Event: 17.211 Executing VM operation: ICBufferFull
Event: 17.211 Executing VM operation: ICBufferFull done
Event: 17.914 Executing VM operation: HandshakeAllThreads
Event: 17.914 Executing VM operation: HandshakeAllThreads done
Event: 17.982 Executing VM operation: HandshakeAllThreads
Event: 17.982 Executing VM operation: HandshakeAllThreads done
Event: 18.671 Executing VM operation: CollectForMetadataAllocation
Event: 18.697 Executing VM operation: CollectForMetadataAllocation done
Event: 18.720 Executing VM operation: CollectForMetadataAllocation
Event: 18.720 Executing VM operation: CollectForMetadataAllocation done
Event: 18.745 Executing VM operation: G1Concurrent
Event: 18.750 Executing VM operation: G1Concurrent done
Event: 18.769 Executing VM operation: G1Concurrent
Event: 18.769 Executing VM operation: G1Concurrent done
Event: 18.943 Executing VM operation: HandshakeAllThreads
Event: 18.944 Executing VM operation: HandshakeAllThreads done
Event: 19.945 Executing VM operation: Cleanup
Event: 19.945 Executing VM operation: Cleanup done

Events (20 events):
Event: 17.974 loading class java/util/ServiceLoader$ProviderSpliterator
Event: 17.974 loading class java/util/ServiceLoader$ProviderSpliterator done
Event: 17.990 loading class java/util/jar/JarInputStream
Event: 17.990 loading class java/util/zip/ZipInputStream
Event: 17.991 loading class java/util/zip/ZipInputStream done
Event: 17.991 loading class java/util/jar/JarInputStream done
Event: 17.991 loading class java/io/PushbackInputStream
Event: 17.991 loading class java/io/PushbackInputStream done
Event: 18.310 loading class java/net/URLDecoder
Event: 18.311 loading class java/net/URLDecoder done
Event: 18.311 loading class java/net/URLEncoder
Event: 18.311 loading class java/net/URLEncoder done
Event: 18.313 loading class java/util/WeakHashMap$EntrySet
Event: 18.313 loading class java/util/WeakHashMap$EntrySet done
Event: 18.313 loading class java/util/WeakHashMap$EntryIterator
Event: 18.313 loading class java/util/WeakHashMap$EntryIterator done
Event: 18.654 Thread 0x000001bbdd92f920 Thread exited: 0x000001bbdd92f920
Event: 18.959 loading class java/util/regex/Pattern$Bound
Event: 18.959 loading class java/util/regex/Pattern$Bound done
Event: 18.984 Thread 0x000001bbdcb45930 Thread added: 0x000001bbdcb45930


Dynamic libraries:
0x00007ff71b8c0000 - 0x00007ff71b8d0000 	C:\Program Files\Java\jdk-17\bin\java.exe
0x00007ffe6c080000 - 0x00007ffe6c2e7000 	C:\WINDOWS\SYSTEM32\ntdll.dll
0x00007ffe6afa0000 - 0x00007ffe6b069000 	C:\WINDOWS\System32\KERNEL32.DLL
0x00007ffe698a0000 - 0x00007ffe69c91000 	C:\WINDOWS\System32\KERNELBASE.dll
0x00007ffe69520000 - 0x00007ffe6966b000 	C:\WINDOWS\System32\ucrtbase.dll
0x00007ffe5a860000 - 0x00007ffe5a879000 	C:\Program Files\Java\jdk-17\bin\jli.dll
0x00007ffe580a0000 - 0x00007ffe580bb000 	C:\Program Files\Java\jdk-17\bin\VCRUNTIME140.dll
0x00007ffe6bb70000 - 0x00007ffe6bc2b000 	C:\WINDOWS\System32\ADVAPI32.dll
0x00007ffe69f80000 - 0x00007ffe6a029000 	C:\WINDOWS\System32\msvcrt.dll
0x00007ffe6b890000 - 0x00007ffe6b937000 	C:\WINDOWS\System32\sechost.dll
0x00007ffe6acb0000 - 0x00007ffe6adc8000 	C:\WINDOWS\System32\RPCRT4.dll
0x00007ffe6add0000 - 0x00007ffe6af95000 	C:\WINDOWS\System32\USER32.dll
0x00007ffe4d060000 - 0x00007ffe4d2f3000 	C:\WINDOWS\WinSxS\amd64_microsoft.windows.common-controls_6595b64144ccf1df_6.0.26100.8037_none_3e092faae333b53b\COMCTL32.dll
0x00007ffe69ca0000 - 0x00007ffe69cc7000 	C:\WINDOWS\System32\win32u.dll
0x00007ffe6b7e0000 - 0x00007ffe6b80b000 	C:\WINDOWS\System32\GDI32.dll
0x00007ffe68960000 - 0x00007ffe68a8b000 	C:\WINDOWS\System32\gdi32full.dll
0x00007ffe69670000 - 0x00007ffe69713000 	C:\WINDOWS\System32\msvcp_win.dll
0x00007ffe5af90000 - 0x00007ffe5af9b000 	C:\WINDOWS\SYSTEM32\VERSION.dll
0x00007ffe6b940000 - 0x00007ffe6b971000 	C:\WINDOWS\System32\IMM32.DLL
0x00007ffe62d60000 - 0x00007ffe62d6c000 	C:\Program Files\Java\jdk-17\bin\vcruntime140_1.dll
0x00007ffdfc260000 - 0x00007ffdfc2ee000 	C:\Program Files\Java\jdk-17\bin\msvcp140.dll
0x00007ffd96100000 - 0x00007ffd96ce0000 	C:\Program Files\Java\jdk-17\bin\server\jvm.dll
0x00007ffe6b9e0000 - 0x00007ffe6b9e8000 	C:\WINDOWS\System32\PSAPI.DLL
0x00007ffe55460000 - 0x00007ffe5546a000 	C:\WINDOWS\SYSTEM32\WSOCK32.dll
0x00007ffe56380000 - 0x00007ffe563b5000 	C:\WINDOWS\SYSTEM32\WINMM.dll
0x00007ffe6b810000 - 0x00007ffe6b884000 	C:\WINDOWS\System32\WS2_32.dll
0x00007ffe676f0000 - 0x00007ffe6770b000 	C:\WINDOWS\SYSTEM32\kernel.appcore.dll
0x00007ffe62c90000 - 0x00007ffe62c9a000 	C:\Program Files\Java\jdk-17\bin\jimage.dll
0x00007ffe662e0000 - 0x00007ffe66522000 	C:\WINDOWS\SYSTEM32\DBGHELP.DLL
0x00007ffe6bcb0000 - 0x00007ffe6c032000 	C:\WINDOWS\System32\combase.dll
0x00007ffe6a3f0000 - 0x00007ffe6a4c7000 	C:\WINDOWS\System32\OLEAUT32.dll
0x00007ffe40e80000 - 0x00007ffe40ebb000 	C:\WINDOWS\SYSTEM32\dbgcore.DLL
0x00007ffe69470000 - 0x00007ffe69515000 	C:\WINDOWS\System32\bcryptPrimitives.dll
0x00007ffe58090000 - 0x00007ffe5809e000 	C:\Program Files\Java\jdk-17\bin\instrument.dll
0x00007ffe55210000 - 0x00007ffe55235000 	C:\Program Files\Java\jdk-17\bin\java.dll
0x00007ffdfa3c0000 - 0x00007ffdfa497000 	C:\Program Files\Java\jdk-17\bin\jsvml.dll
0x00007ffe6b070000 - 0x00007ffe6b7cf000 	C:\WINDOWS\System32\SHELL32.dll
0x00007ffe68a90000 - 0x00007ffe68bfa000 	C:\WINDOWS\System32\wintypes.dll
0x00007ffe68c00000 - 0x00007ffe69464000 	C:\WINDOWS\System32\windows.storage.dll
0x00007ffe6abb0000 - 0x00007ffe6aca7000 	C:\WINDOWS\System32\SHCORE.dll
0x00007ffe69e40000 - 0x00007ffe69ea7000 	C:\WINDOWS\System32\shlwapi.dll
0x00007ffe68880000 - 0x00007ffe688a9000 	C:\WINDOWS\SYSTEM32\profapi.dll
0x00007ffe53f80000 - 0x00007ffe53f98000 	C:\Program Files\Java\jdk-17\bin\zip.dll
0x00007ffe5b0d0000 - 0x00007ffe5b0e9000 	C:\Program Files\Java\jdk-17\bin\net.dll
0x00007ffe5c540000 - 0x00007ffe5c667000 	C:\WINDOWS\SYSTEM32\WINHTTP.dll
0x00007ffe67c60000 - 0x00007ffe67ccb000 	C:\WINDOWS\system32\mswsock.dll
0x00007ffe550c0000 - 0x00007ffe550d6000 	C:\Program Files\Java\jdk-17\bin\nio.dll
0x00007ffe5b0c0000 - 0x00007ffe5b0d0000 	C:\Program Files\Java\jdk-17\bin\verify.dll
0x00007ffe51180000 - 0x00007ffe511a7000 	C:\Users\nguye\.gradle\native\1def1411415f61bf3af743bc5b6707747c0891f09f0c88961ee8f79bc544acac\windows-amd64\native-platform.dll
0x00007ffdfaea0000 - 0x00007ffdfaf18000 	C:\Users\nguye\.gradle\native\0.2.7\x86_64-windows-gnu\gradle-fileevents.dll
0x00007ffe5aa90000 - 0x00007ffe5aa9a000 	C:\Program Files\Java\jdk-17\bin\management.dll
0x00007ffe5aa70000 - 0x00007ffe5aa7b000 	C:\Program Files\Java\jdk-17\bin\management_ext.dll
0x00007ffe67020000 - 0x00007ffe67053000 	C:\WINDOWS\SYSTEM32\IPHLPAPI.DLL
0x00007ffe6a3e0000 - 0x00007ffe6a3ea000 	C:\WINDOWS\System32\NSI.dll
0x00007ffe5c940000 - 0x00007ffe5c95d000 	C:\WINDOWS\SYSTEM32\dhcpcsvc6.DLL
0x00007ffe5c4a0000 - 0x00007ffe5c4c3000 	C:\WINDOWS\SYSTEM32\dhcpcsvc.DLL
0x00007ffe67190000 - 0x00007ffe672ba000 	C:\WINDOWS\SYSTEM32\DNSAPI.dll
0x00007ffe67f40000 - 0x00007ffe67f5b000 	C:\WINDOWS\SYSTEM32\CRYPTSP.dll
0x00007ffe67650000 - 0x00007ffe67689000 	C:\WINDOWS\system32\rsaenh.dll
0x00007ffe67d10000 - 0x00007ffe67d42000 	C:\WINDOWS\SYSTEM32\USERENV.dll
0x00007ffe68850000 - 0x00007ffe6887a000 	C:\WINDOWS\SYSTEM32\bcrypt.dll
0x00007ffe67f60000 - 0x00007ffe67f6c000 	C:\WINDOWS\SYSTEM32\CRYPTBASE.dll
0x00007ffe55c30000 - 0x00007ffe55c3e000 	C:\Program Files\Java\jdk-17\bin\sunmscapi.dll
0x00007ffe69720000 - 0x00007ffe69897000 	C:\WINDOWS\System32\CRYPT32.dll
0x00007ffe68160000 - 0x00007ffe68190000 	C:\WINDOWS\SYSTEM32\ncrypt.dll
0x00007ffe68110000 - 0x00007ffe6814f000 	C:\WINDOWS\SYSTEM32\NTASN1.dll
0x00007ffe55c70000 - 0x00007ffe55c78000 	C:\WINDOWS\system32\wshunix.dll

dbghelp: loaded successfully - version: 4.0.5 - missing functions: none
symbol engine: initialized successfully - sym options: 0x614 - pdb path: .;C:\Program Files\Java\jdk-17\bin;C:\WINDOWS\SYSTEM32;C:\WINDOWS\WinSxS\amd64_microsoft.windows.common-controls_6595b64144ccf1df_6.0.26100.8037_none_3e092faae333b53b;C:\Program Files\Java\jdk-17\bin\server;C:\Users\nguye\.gradle\native\1def1411415f61bf3af743bc5b6707747c0891f09f0c88961ee8f79bc544acac\windows-amd64;C:\Users\nguye\.gradle\native\0.2.7\x86_64-windows-gnu

VM Arguments:
jvm_args: --add-opens=java.base/java.lang=ALL-UNNAMED --add-opens=java.base/java.lang.invoke=ALL-UNNAMED --add-opens=java.base/java.util=ALL-UNNAMED --add-opens=java.prefs/java.util.prefs=ALL-UNNAMED --add-exports=jdk.compiler/com.sun.tools.javac.api=ALL-UNNAMED --add-exports=jdk.compiler/com.sun.tools.javac.util=ALL-UNNAMED --add-opens=java.base/java.util=ALL-UNNAMED --add-opens=java.prefs/java.util.prefs=ALL-UNNAMED --add-opens=java.base/java.nio.charset=ALL-UNNAMED --add-opens=java.base/java.net=ALL-UNNAMED --add-opens=java.base/java.util.concurrent.atomic=ALL-UNNAMED --add-opens=java.xml/javax.xml.namespace=ALL-UNNAMED -XX:MaxMetaspaceSize=384m -XX:+HeapDumpOnOutOfMemoryError -Xms256m -Xmx512m -Dfile.encoding=windows-31j -Duser.country=VN -Duser.language=vi -Duser.variant -javaagent:C:\Users\nguye\.gradle\wrapper\dists\gradle-8.14.4-bin\92wwslzcyst3phie3o264zltu\gradle-8.14.4\lib\agents\gradle-instrumentation-agent-8.14.4.jar 
java_command: org.gradle.launcher.daemon.bootstrap.GradleDaemon 8.14.4
java_class_path (initial): C:\Users\nguye\.gradle\wrapper\dists\gradle-8.14.4-bin\92wwslzcyst3phie3o264zltu\gradle-8.14.4\lib\gradle-daemon-main-8.14.4.jar
Launcher Type: SUN_STANDARD

[Global flags]
     intx CICompilerCount                          = 4                                         {product} {ergonomic}
   size_t CompressedClassSpaceSize                 = 335544320                                 {product} {ergonomic}
     uint ConcGCThreads                            = 2                                         {product} {ergonomic}
     uint G1ConcRefinementThreads                  = 8                                         {product} {ergonomic}
   size_t G1HeapRegionSize                         = 1048576                                   {product} {ergonomic}
    uintx GCDrainStackTargetSize                   = 64                                        {product} {ergonomic}
     bool HeapDumpOnOutOfMemoryError               = true                                   {manageable} {command line}
   size_t InitialHeapSize                          = 268435456                                 {product} {command line}
   size_t MarkStackSize                            = 4194304                                   {product} {ergonomic}
   size_t MaxHeapSize                              = 536870912                                 {product} {command line}
   size_t MaxMetaspaceSize                         = 402653184                                 {product} {command line}
   size_t MaxNewSize                               = 321912832                                 {product} {ergonomic}
   size_t MinHeapDeltaBytes                        = 1048576                                   {product} {ergonomic}
   size_t MinHeapSize                              = 268435456                                 {product} {command line}
    uintx NonNMethodCodeHeapSize                   = 5839372                                {pd product} {ergonomic}
    uintx NonProfiledCodeHeapSize                  = 122909434                              {pd product} {ergonomic}
    uintx ProfiledCodeHeapSize                     = 122909434                              {pd product} {ergonomic}
    uintx ReservedCodeCacheSize                    = 251658240                              {pd product} {ergonomic}
     bool SegmentedCodeCache                       = true                                      {product} {ergonomic}
   size_t SoftMaxHeapSize                          = 536870912                              {manageable} {ergonomic}
     bool UseCompressedClassPointers               = true                           {product lp64_product} {ergonomic}
     bool UseCompressedOops                        = true                           {product lp64_product} {ergonomic}
     bool UseG1GC                                  = true                                      {product} {ergonomic}
     bool UseLargePagesIndividualAllocation        = false                                  {pd product} {ergonomic}

Logging:
Log output configuration:
 #0: stdout all=warning uptime,level,tags
 #1: stderr all=off uptime,level,tags

Environment Variables:
JAVA_HOME=C:\Program Files\Java\jdk-17
PATH=C:\Program Files\Common Files\Oracle\Java\javapath;C:\Program Files (x86)\Common Files\Oracle\Java\java8path;C:\Program Files (x86)\Common Files\Oracle\Java\javapath;C:\ProgramData\Oracle\Java\javapath;C:\Windows\system32;C:\Windows;C:\Windows\System32\Wbem;C:\Windows\System32\WindowsPowerShell\v1.0\;C:\Windows\System32\OpenSSH\;C:\Program Files\NVIDIA Corporation\NVIDIA NvDLISR;C:\WINDOWS\system32;C:\WINDOWS;C:\WINDOWS\System32\Wbem;C:\WINDOWS\System32\WindowsPowerShell\v1.0\;C:\WINDOWS\System32\OpenSSH\;C:\Program Files\dotnet\;C:\Program Files\Git\cmd;C:\Program Files\Java\jdk-17\bin;C:\Users\nguye\Downloads\spring-boot-cli-3.5.6-bin\spring-3.5.6\bin;C:\Program Files\MySQL\MySQL Shell 8.0\bin\;C:\Users\nguye\AppData\Local\Microsoft\WindowsApps;C:\Users\nguye\AppData\Local\Microsoft\WindowsApps;C:\Program Files\JetBrains\IntelliJ IDEA 2025.1.1\bin;C:\Users\nguye\AppData\Local\atom\bin
USERNAME=Nguyen Hoang93
OS=Windows_NT
PROCESSOR_IDENTIFIER=Intel64 Family 6 Model 126 Stepping 5, GenuineIntel



---------------  S Y S T E M  ---------------

OS:
 Windows 11 , 64 bit Build 26100 (10.0.26100.7920)
OS uptime: 9 days 6:31 hours

CPU: total 8 (initial active 8) (4 cores per cpu, 2 threads per core) family 6 model 126 stepping 5 microcode 0xc2, cx8, cmov, fxsr, ht, mmx, 3dnowpref, sse, sse2, sse3, ssse3, sse4.1, sse4.2, popcnt, lzcnt, tsc, tscinvbit, avx, avx2, aes, erms, clmul, bmi1, bmi2, adx, avx512f, avx512dq, avx512cd, avx512bw, avx512vl, sha, fma, vzeroupper, avx512_vpopcntdq, avx512_vpclmulqdq, avx512_vaes, avx512_vnni, clflush, clflushopt, avx512_vbmi2, avx512_vbmi

Memory: 4k page, system-wide physical 7959M (442M free)
TotalPageFile size 32535M (AvailPageFile size 119M)
current process WorkingSet (physical memory assigned to process): 413M, peak: 445M
current process commit charge ("private bytes"): 519M, peak: 539M

vm_info: Java HotSpot(TM) 64-Bit Server VM (17.0.12+8-LTS-286) for windows-amd64 JRE (17.0.12+8-LTS-286), built on Jun  5 2024 06:46:59 by "mach5one" with MS VC++ 17.6 (VS2022)

END.
